mode: set
ebpf-edr-demo/internal/config/config.go:57.21,65.32 2 0
ebpf-edr-demo/internal/config/config.go:65.32,66.45 1 0
ebpf-edr-demo/internal/config/config.go:66.45,67.9 1 0
ebpf-edr-demo/internal/config/config.go:68.9,68.33 1 0
ebpf-edr-demo/internal/config/config.go:68.33,70.4 1 0
ebpf-edr-demo/internal/config/config.go:73.2,74.24 2 0
ebpf-edr-demo/internal/config/config.go:74.24,76.3 1 0
ebpf-edr-demo/internal/config/config.go:78.2,84.3 1 0
ebpf-edr-demo/internal/alert/alert.go:62.40,64.2 1 1
ebpf-edr-demo/internal/alert/alert.go:67.33,69.31 2 1
ebpf-edr-demo/internal/alert/alert.go:69.31,70.44 1 1
ebpf-edr-demo/internal/alert/alert.go:70.44,72.4 1 0
ebpf-edr-demo/internal/alert/alert.go:77.27,78.31 1 1
ebpf-edr-demo/internal/alert/alert.go:78.31,79.38 1 1
ebpf-edr-demo/internal/alert/alert.go:79.38,81.4 1 0
ebpf-edr-demo/internal/processor/processor.go:77.31,78.40 1 1
ebpf-edr-demo/internal/processor/processor.go:78.40,80.3 1 1
ebpf-edr-demo/internal/processor/processor.go:81.2,81.18 1 1
ebpf-edr-demo/internal/processor/processor.go:86.29,88.2 1 1
ebpf-edr-demo/internal/processor/processor.go:92.31,94.2 1 1
ebpf-edr-demo/pkg/detector/ancestry_cache.go:44.40,46.2 1 0
ebpf-edr-demo/pkg/detector/ancestry_cache.go:54.37,56.16 2 0
ebpf-edr-demo/pkg/detector/ancestry_cache.go:56.16,59.3 2 0
ebpf-edr-demo/pkg/detector/ancestry_cache.go:60.2,61.32 2 0
ebpf-edr-demo/pkg/detector/ancestry_cache.go:61.32,62.21 1 0
ebpf-edr-demo/pkg/detector/ancestry_cache.go:62.21,63.12 1 0
ebpf-edr-demo/pkg/detector/ancestry_cache.go:65.3,66.17 2 0
ebpf-edr-demo/pkg/detector/ancestry_cache.go:66.17,67.12 1 0
ebpf-edr-demo/pkg/detector/ancestry_cache.go:69.3,71.17 3 0
ebpf-edr-demo/pkg/detector/ancestry_cache.go:71.17,72.12 1 0
ebpf-edr-demo/pkg/detector/ancestry_cache.go:74.3,75.11 2 0
ebpf-edr-demo/pkg/detector/ancestry_cache.go:77.2,77.78 1 0
ebpf-edr-demo/pkg/detector/ancestry_cache.go:81.34,83.16 2 0
ebpf-edr-demo/pkg/detector/ancestry_cache.go:83.16,85.3 1 0
ebpf-edr-demo/pkg/detector/ancestry_cache.go:88.2,88.57 1 0
ebpf-edr-demo/pkg/detector/ancestry_cache.go:88.57,89.39 1 0
ebpf-edr-demo/pkg/detector/ancestry_cache.go:89.39,91.24 2 0
ebpf-edr-demo/pkg/detector/ancestry_cache.go:91.24,92.67 1 0
ebpf-edr-demo/pkg/detector/ancestry_cache.go:92.67,94.6 1 0
ebpf-edr-demo/pkg/detector/ancestry_cache.go:96.4,96.9 1 0
ebpf-edr-demo/pkg/detector/ancestry_cache.go:99.2,99.10 1 0
ebpf-edr-demo/pkg/detector/ancestry_cache.go:105.67,108.42 3 0
ebpf-edr-demo/pkg/detector/ancestry_cache.go:108.42,110.3 1 0
ebpf-edr-demo/pkg/detector/ancestry_cache.go:111.2,112.15 2 0
ebpf-edr-demo/pkg/detector/ancestry_cache.go:116.66,120.8 4 0
ebpf-edr-demo/pkg/detector/ancestry_cache.go:120.8,122.3 1 0
ebpf-edr-demo/pkg/detector/ancestry_cache.go:122.8,124.3 1 0
ebpf-edr-demo/pkg/detector/ancestry_cache.go:125.2,125.14 1 0
ebpf-edr-demo/pkg/detector/ancestry_cache.go:133.33,137.32 4 0
ebpf-edr-demo/pkg/detector/ancestry_cache.go:137.32,138.34 1 0
ebpf-edr-demo/pkg/detector/ancestry_cache.go:138.34,139.12 1 0
ebpf-edr-demo/pkg/detector/ancestry_cache.go:141.3,141.24 1 0
ebpf-edr-demo/pkg/detector/ancestry_cache.go:141.24,144.12 3 0
ebpf-edr-demo/pkg/detector/ancestry_cache.go:146.3,146.25 1 0
ebpf-edr-demo/pkg/detector/ancestry_cache.go:148.2,150.111 3 0
ebpf-edr-demo/pkg/detector/ancestry_cache.go:154.36,157.2 2 0
ebpf-edr-demo/pkg/detector/ancestry_cache.go:160.55,161.32 1 0
ebpf-edr-demo/pkg/detector/ancestry_cache.go:161.32,162.33 1 0
ebpf-edr-demo/pkg/detector/ancestry_cache.go:162.33,164.4 1 0
ebpf-edr-demo/pkg/detector/ancestry_cache.go:173.52,174.94 1 0
ebpf-edr-demo/pkg/detector/ancestry_cache.go:174.94,176.3 1 0
ebpf-edr-demo/pkg/detector/ancestry_cache.go:177.2,177.29 1 0
ebpf-edr-demo/pkg/detector/ancestry_cache.go:177.29,178.42 1 0
ebpf-edr-demo/pkg/detector/ancestry_cache.go:178.42,179.9 1 0
ebpf-edr-demo/pkg/detector/ancestry_cache.go:181.3,181.25 1 0
ebpf-edr-demo/pkg/detector/network_init.go:21.13,29.4 1 1
ebpf-edr-demo/pkg/detector/network_init.go:29.4,32.3 2 1
ebpf-edr-demo/pkg/detector/network_init.go:36.2,36.70 1 1
ebpf-edr-demo/pkg/detector/network_init.go:36.70,37.51 1 0
ebpf-edr-demo/pkg/detector/network_init.go:37.51,40.4 2 0
ebpf-edr-demo/pkg/detector/network_init.go:52.26,53.42 1 0
ebpf-edr-demo/pkg/detector/network_init.go:53.42,54.51 1 0
ebpf-edr-demo/pkg/detector/network_init.go:54.51,56.4 1 0
ebpf-edr-demo/pkg/detector/network_init.go:62.30,66.16 3 0
ebpf-edr-demo/pkg/detector/network_init.go:66.16,68.3 1 0
ebpf-edr-demo/pkg/detector/network_init.go:69.2,72.16 3 0
ebpf-edr-demo/pkg/detector/network_init.go:72.16,75.3 1 0
ebpf-edr-demo/pkg/detector/network_init.go:76.2,78.38 2 0
ebpf-edr-demo/pkg/detector/network_init.go:78.38,80.3 1 0
ebpf-edr-demo/pkg/detector/network_init.go:82.2,83.16 2 0
ebpf-edr-demo/pkg/detector/network_init.go:83.16,85.3 1 0
ebpf-edr-demo/pkg/detector/network_init.go:87.2,88.21 2 0
ebpf-edr-demo/pkg/detector/network_init.go:88.21,90.59 2 0
ebpf-edr-demo/pkg/detector/network_init.go:90.59,94.4 3 0
ebpf-edr-demo/pkg/detector/network_init.go:96.2,96.11 1 0
ebpf-edr-demo/pkg/detector/response.go:20.52,22.2 1 0
ebpf-edr-demo/pkg/detector/response.go:27.79,28.16 1 0
ebpf-edr-demo/pkg/detector/response.go:29.31,31.33 2 0
ebpf-edr-demo/pkg/detector/response.go:32.27,33.19 1 0
ebpf-edr-demo/pkg/detector/response.go:33.19,35.4 1 0
ebpf-edr-demo/pkg/detector/response.go:36.3,36.26 1 0
ebpf-edr-demo/pkg/detector/response.go:39.2,39.25 1 0
ebpf-edr-demo/pkg/detector/response.go:46.34,48.14 2 0
ebpf-edr-demo/pkg/detector/response.go:48.14,50.3 1 0
ebpf-edr-demo/pkg/detector/response.go:51.2,51.59 1 0
ebpf-edr-demo/pkg/detector/response.go:51.59,54.3 2 0
ebpf-edr-demo/pkg/detector/response.go:55.2,55.94 1 0
ebpf-edr-demo/pkg/detector/response.go:74.50,75.25 1 0
ebpf-edr-demo/pkg/detector/response.go:75.25,78.3 2 0
ebpf-edr-demo/pkg/detector/response.go:79.2,80.15 2 0
ebpf-edr-demo/pkg/detector/response.go:80.15,83.3 2 0
ebpf-edr-demo/pkg/detector/response.go:86.2,92.56 4 0
ebpf-edr-demo/pkg/detector/response.go:92.56,95.3 2 0
ebpf-edr-demo/pkg/detector/response.go:96.2,97.13 2 0
ebpf-edr-demo/pkg/detector/response_policy.go:50.63,51.34 1 0
ebpf-edr-demo/pkg/detector/response_policy.go:51.34,52.52 1 0
ebpf-edr-demo/pkg/detector/response_policy.go:52.52,54.4 1 0
ebpf-edr-demo/pkg/detector/response_policy.go:56.2,56.25 1 0
ebpf-edr-demo/pkg/detector/response_policy.go:59.38,61.2 1 0
ebpf-edr-demo/pkg/detector/response_policy.go:63.34,64.11 1 0
ebpf-edr-demo/pkg/detector/response_policy.go:65.22,66.11 1 0
ebpf-edr-demo/pkg/detector/response_policy.go:67.18,68.11 1 0
ebpf-edr-demo/pkg/detector/response_policy.go:69.20,70.11 1 0
ebpf-edr-demo/pkg/detector/response_policy.go:72.2,72.10 1 0
ebpf-edr-demo/pkg/detector/yaml_detector.go:66.38,71.2 1 1
ebpf-edr-demo/pkg/detector/yaml_detector.go:74.53,75.15 1 1
ebpf-edr-demo/pkg/detector/yaml_detector.go:75.15,77.3 1 0
ebpf-edr-demo/pkg/detector/yaml_detector.go:78.2,78.71 1 1
ebpf-edr-demo/pkg/detector/yaml_detector.go:78.71,80.3 1 1
ebpf-edr-demo/pkg/detector/yaml_detector.go:81.2,81.66 1 1
ebpf-edr-demo/pkg/detector/yaml_detector.go:81.66,83.3 1 1
ebpf-edr-demo/pkg/detector/yaml_detector.go:84.2,84.71 1 1
ebpf-edr-demo/pkg/detector/yaml_detector.go:84.71,86.3 1 1
ebpf-edr-demo/pkg/detector/yaml_detector.go:87.2,87.75 1 1
ebpf-edr-demo/pkg/detector/yaml_detector.go:87.75,89.3 1 1
ebpf-edr-demo/pkg/detector/yaml_detector.go:90.2,90.75 1 1
ebpf-edr-demo/pkg/detector/yaml_detector.go:90.75,92.3 1 1
ebpf-edr-demo/pkg/detector/yaml_detector.go:93.2,93.57 1 1
ebpf-edr-demo/pkg/detector/yaml_detector.go:93.57,95.3 1 1
ebpf-edr-demo/pkg/detector/yaml_detector.go:96.2,96.74 1 1
ebpf-edr-demo/pkg/detector/yaml_detector.go:96.74,98.3 1 1
ebpf-edr-demo/pkg/detector/yaml_detector.go:99.2,99.27 1 1
ebpf-edr-demo/pkg/detector/yaml_detector.go:99.27,100.22 1 0
ebpf-edr-demo/pkg/detector/yaml_detector.go:100.22,102.4 1 0
ebpf-edr-demo/pkg/detector/yaml_detector.go:103.3,103.34 1 0
ebpf-edr-demo/pkg/detector/yaml_detector.go:103.34,104.28 1 0
ebpf-edr-demo/pkg/detector/yaml_detector.go:104.28,106.5 1 0
ebpf-edr-demo/pkg/detector/yaml_detector.go:109.2,109.52 1 1
ebpf-edr-demo/pkg/detector/yaml_detector.go:109.52,111.3 1 0
ebpf-edr-demo/pkg/detector/yaml_detector.go:112.2,112.52 1 1
ebpf-edr-demo/pkg/detector/yaml_detector.go:112.52,114.3 1 0
ebpf-edr-demo/pkg/detector/yaml_detector.go:115.2,115.13 1 1
ebpf-edr-demo/pkg/detector/yaml_detector.go:118.48,119.27 1 1
ebpf-edr-demo/pkg/detector/yaml_detector.go:119.27,120.31 1 1
ebpf-edr-demo/pkg/detector/yaml_detector.go:120.31,122.4 1 1
ebpf-edr-demo/pkg/detector/yaml_detector.go:124.2,124.14 1 1
ebpf-edr-demo/pkg/detector/yaml_detector.go:127.53,128.31 1 1
ebpf-edr-demo/pkg/detector/yaml_detector.go:128.31,129.32 1 1
ebpf-edr-demo/pkg/detector/yaml_detector.go:129.32,131.4 1 1
ebpf-edr-demo/pkg/detector/yaml_detector.go:133.2,133.14 1 1
ebpf-edr-demo/pkg/detector/yaml_detector.go:136.53,137.31 1 1
ebpf-edr-demo/pkg/detector/yaml_detector.go:137.31,138.32 1 1
ebpf-edr-demo/pkg/detector/yaml_detector.go:138.32,140.4 1 1
ebpf-edr-demo/pkg/detector/yaml_detector.go:142.2,142.14 1 1
ebpf-edr-demo/pkg/detector/yaml_detector.go:156.58,157.30 1 1
ebpf-edr-demo/pkg/detector/yaml_detector.go:157.30,158.34 1 1
ebpf-edr-demo/pkg/detector/yaml_detector.go:158.34,160.4 1 1
ebpf-edr-demo/pkg/detector/yaml_detector.go:162.2,162.14 1 1
ebpf-edr-demo/pkg/detector/yaml_detector.go:167.55,169.2 1 0
ebpf-edr-demo/pkg/detector/yaml_detector.go:173.92,177.58 3 1
ebpf-edr-demo/pkg/detector/yaml_detector.go:177.58,178.33 1 0
ebpf-edr-demo/pkg/detector/yaml_detector.go:178.33,180.4 1 0
ebpf-edr-demo/pkg/detector/yaml_detector.go:182.2,183.53 2 1
ebpf-edr-demo/pkg/detector/yaml_detector.go:183.53,184.33 1 1
ebpf-edr-demo/pkg/detector/yaml_detector.go:184.33,186.4 1 1
ebpf-edr-demo/pkg/detector/yaml_detector.go:190.2,194.10 5 1
ebpf-edr-demo/pkg/detector/yaml_detector.go:200.90,202.27 2 1
ebpf-edr-demo/pkg/detector/yaml_detector.go:202.27,204.37 2 1
ebpf-edr-demo/pkg/detector/yaml_detector.go:204.37,206.4 1 1
ebpf-edr-demo/pkg/detector/yaml_detector.go:207.3,214.5 1 1
ebpf-edr-demo/pkg/detector/yaml_detector.go:216.2,216.17 1 1
ebpf-edr-demo/pkg/detector/yaml_detector.go:219.73,221.29 2 1
ebpf-edr-demo/pkg/detector/yaml_detector.go:221.29,223.3 1 1
ebpf-edr-demo/pkg/detector/yaml_detector.go:224.2,224.27 1 1
ebpf-edr-demo/pkg/detector/yaml_detector.go:224.27,226.55 2 1
ebpf-edr-demo/pkg/detector/yaml_detector.go:226.55,228.4 1 1
ebpf-edr-demo/pkg/detector/yaml_detector.go:230.2,230.29 1 1
ebpf-edr-demo/pkg/detector/yaml_detector.go:230.29,232.3 1 1
ebpf-edr-demo/pkg/detector/yaml_detector.go:233.2,233.29 1 1
ebpf-edr-demo/pkg/detector/yaml_detector.go:233.29,235.3 1 1
ebpf-edr-demo/pkg/detector/yaml_detector.go:236.2,236.29 1 1
ebpf-edr-demo/pkg/detector/yaml_detector.go:236.29,238.3 1 1
ebpf-edr-demo/pkg/detector/yaml_detector.go:239.2,239.28 1 1
ebpf-edr-demo/pkg/detector/yaml_detector.go:239.28,241.56 2 1
ebpf-edr-demo/pkg/detector/yaml_detector.go:241.56,243.4 1 1
ebpf-edr-demo/pkg/detector/yaml_detector.go:245.2,245.31 1 1
ebpf-edr-demo/pkg/detector/yaml_detector.go:245.31,247.3 1 1
ebpf-edr-demo/pkg/detector/yaml_detector.go:248.2,248.27 1 1
ebpf-edr-demo/pkg/detector/yaml_detector.go:248.27,249.58 1 1
ebpf-edr-demo/pkg/detector/yaml_detector.go:249.58,250.52 1 1
ebpf-edr-demo/pkg/detector/yaml_detector.go:250.52,252.5 1 1
ebpf-edr-demo/pkg/detector/yaml_detector.go:255.2,255.26 1 1
ebpf-edr-demo/pkg/detector/yaml_detector.go:255.26,257.56 2 1
ebpf-edr-demo/pkg/detector/yaml_detector.go:257.56,258.55 1 1
ebpf-edr-demo/pkg/detector/yaml_detector.go:258.55,260.5 1 1
ebpf-edr-demo/pkg/detector/yaml_detector.go:263.2,263.26 1 1
ebpf-edr-demo/pkg/detector/yaml_detector.go:263.26,265.54 2 1
ebpf-edr-demo/pkg/detector/yaml_detector.go:265.54,267.4 1 1
ebpf-edr-demo/pkg/detector/yaml_detector.go:269.2,269.10 1 1
ebpf-edr-demo/pkg/detector/yaml_detector.go:274.79,276.2 1 0
ebpf-edr-demo/pkg/detector/yaml_detector.go:281.59,283.2 1 0
ebpf-edr-demo/pkg/detector/yaml_detector.go:289.71,290.60 1 0
ebpf-edr-demo/pkg/detector/yaml_detector.go:290.60,292.3 1 0
ebpf-edr-demo/pkg/detector/yaml_detector.go:295.2,295.30 1 0
ebpf-edr-demo/pkg/detector/yaml_detector.go:295.30,297.3 1 0
ebpf-edr-demo/pkg/detector/yaml_detector.go:299.2,301.17 2 0
ebpf-edr-demo/pkg/detector/yaml_detector.go:302.33,303.52 1 0
ebpf-edr-demo/pkg/detector/yaml_detector.go:305.30,306.46 1 0
ebpf-edr-demo/pkg/detector/yaml_detector.go:308.29,311.58 3 0
ebpf-edr-demo/pkg/detector/yaml_detector.go:314.2,314.10 1 0
ebpf-edr-demo/pkg/detector/yaml_detector.go:319.61,321.18 2 1
ebpf-edr-demo/pkg/detector/yaml_detector.go:321.18,323.3 1 1
ebpf-edr-demo/pkg/detector/yaml_detector.go:324.2,325.29 2 1
ebpf-edr-demo/pkg/detector/yaml_detector.go:325.29,326.33 1 1
ebpf-edr-demo/pkg/detector/yaml_detector.go:326.33,328.4 1 1
ebpf-edr-demo/pkg/detector/yaml_detector.go:330.2,330.15 1 1
ebpf-edr-demo/pkg/detector/yaml_detector.go:333.56,337.25 3 1
ebpf-edr-demo/pkg/detector/yaml_detector.go:337.25,338.16 1 1
ebpf-edr-demo/pkg/detector/yaml_detector.go:338.16,340.4 1 0
ebpf-edr-demo/pkg/detector/yaml_detector.go:342.2,342.14 1 1
ebpf-edr-demo/pkg/detector/yaml_detector.go:345.64,347.28 1 1
ebpf-edr-demo/pkg/detector/yaml_detector.go:347.28,349.3 1 1
ebpf-edr-demo/pkg/detector/yaml_detector.go:350.2,351.14 2 0
ebpf-edr-demo/pkg/detector/yaml_detector.go:360.72,361.23 1 1
ebpf-edr-demo/pkg/detector/yaml_detector.go:361.23,362.42 1 0
ebpf-edr-demo/pkg/detector/yaml_detector.go:362.42,364.4 1 0
ebpf-edr-demo/pkg/detector/yaml_detector.go:366.2,367.16 2 1
ebpf-edr-demo/pkg/detector/yaml_detector.go:367.16,369.3 1 1
ebpf-edr-demo/pkg/detector/yaml_detector.go:370.2,370.64 1 0
ebpf-edr-demo/pkg/detector/yaml_detector.go:390.57,392.33 2 1
ebpf-edr-demo/pkg/detector/yaml_detector.go:392.33,393.43 1 1
ebpf-edr-demo/pkg/detector/yaml_detector.go:393.43,395.4 1 0
ebpf-edr-demo/pkg/detector/yaml_detector.go:396.3,397.10 2 1
ebpf-edr-demo/pkg/detector/yaml_detector.go:397.10,399.4 1 1
ebpf-edr-demo/pkg/detector/yaml_detector.go:400.3,400.44 1 0
ebpf-edr-demo/pkg/detector/yaml_detector.go:400.44,402.4 1 0
ebpf-edr-demo/pkg/detector/yaml_detector.go:404.3,404.51 1 0
ebpf-edr-demo/pkg/detector/yaml_detector.go:404.51,406.4 1 0
ebpf-edr-demo/pkg/detector/yaml_detector.go:407.3,407.43 1 0
ebpf-edr-demo/pkg/detector/yaml_detector.go:407.43,409.4 1 0
ebpf-edr-demo/pkg/detector/yaml_detector.go:410.3,410.19 1 0
ebpf-edr-demo/pkg/detector/yaml_detector.go:412.2,412.14 1 0
ebpf-edr-demo/pkg/detector/yaml_detector.go:417.66,418.52 1 0
ebpf-edr-demo/pkg/detector/yaml_detector.go:418.52,420.3 1 0
ebpf-edr-demo/pkg/detector/yaml_detector.go:421.2,421.42 1 0
ebpf-edr-demo/pkg/detector/yaml_detector.go:430.68,431.39 1 0
ebpf-edr-demo/pkg/detector/yaml_detector.go:431.39,433.3 1 0
ebpf-edr-demo/pkg/detector/yaml_detector.go:434.2,434.41 1 0
ebpf-edr-demo/pkg/detector/yaml_detector.go:434.41,435.37 1 0
ebpf-edr-demo/pkg/detector/yaml_detector.go:435.37,437.4 1 0
ebpf-edr-demo/pkg/detector/yaml_detector.go:439.2,439.13 1 0
ebpf-edr-demo/pkg/detector/yaml_detector.go:445.58,446.40 1 1
ebpf-edr-demo/pkg/detector/yaml_detector.go:446.40,448.3 1 1
ebpf-edr-demo/pkg/detector/yaml_detector.go:449.2,449.102 1 1
ebpf-edr-demo/pkg/detector/yaml_detector.go:456.75,462.17 4 0
ebpf-edr-demo/pkg/detector/yaml_detector.go:463.33,465.25 2 0
ebpf-edr-demo/pkg/detector/yaml_detector.go:466.30,469.68 3 0
ebpf-edr-demo/pkg/detector/yaml_detector.go:470.29,472.21 2 0
ebpf-edr-demo/pkg/detector/yaml_detector.go:473.10,474.15 1 0
ebpf-edr-demo/pkg/detector/yaml_detector.go:477.2,480.46 2 0
ebpf-edr-demo/pkg/detector/yaml_detector.go:480.46,482.28 1 0
ebpf-edr-demo/pkg/detector/yaml_detector.go:482.28,484.35 2 0
ebpf-edr-demo/pkg/detector/yaml_detector.go:484.35,485.22 1 0
ebpf-edr-demo/pkg/detector/yaml_detector.go:485.22,487.11 2 0
ebpf-edr-demo/pkg/detector/yaml_detector.go:490.4,490.16 1 0
ebpf-edr-demo/pkg/detector/yaml_detector.go:490.16,491.13 1 0
ebpf-edr-demo/pkg/detector/yaml_detector.go:496.3,496.29 1 0
ebpf-edr-demo/pkg/detector/yaml_detector.go:496.29,497.28 1 0
ebpf-edr-demo/pkg/detector/yaml_detector.go:498.16,500.18 1 0
ebpf-edr-demo/pkg/detector/yaml_detector.go:500.18,501.14 1 0
ebpf-edr-demo/pkg/detector/yaml_detector.go:503.26,509.40 1 0
ebpf-edr-demo/pkg/detector/yaml_detector.go:509.40,510.14 1 0
ebpf-edr-demo/pkg/detector/yaml_detector.go:514.5,514.33 1 0
ebpf-edr-demo/pkg/detector/yaml_detector.go:514.33,515.14 1 0
ebpf-edr-demo/pkg/detector/yaml_detector.go:517.12,518.13 1 0
ebpf-edr-demo/pkg/detector/yaml_detector.go:524.3,524.32 1 0
ebpf-edr-demo/pkg/detector/yaml_detector.go:524.32,527.4 1 0
ebpf-edr-demo/pkg/detector/yaml_detector.go:531.3,531.43 1 0
ebpf-edr-demo/pkg/detector/yaml_detector.go:531.43,533.4 1 0
ebpf-edr-demo/pkg/detector/yaml_detector.go:536.3,536.21 1 0
ebpf-edr-demo/pkg/detector/yaml_detector.go:536.21,538.12 1 0
ebpf-edr-demo/pkg/detector/yaml_detector.go:542.3,543.42 2 0
ebpf-edr-demo/pkg/detector/yaml_detector.go:543.42,545.38 1 0
ebpf-edr-demo/pkg/detector/yaml_detector.go:545.38,547.59 1 0
ebpf-edr-demo/pkg/detector/yaml_detector.go:547.59,549.11 2 0
ebpf-edr-demo/pkg/detector/yaml_detector.go:551.10,553.44 1 0
ebpf-edr-demo/pkg/detector/yaml_detector.go:553.44,555.11 2 0
ebpf-edr-demo/pkg/detector/yaml_detector.go:560.3,560.19 1 0
ebpf-edr-demo/pkg/detector/yaml_detector.go:560.19,561.12 1 0
ebpf-edr-demo/pkg/detector/yaml_detector.go:565.3,565.14 1 0
ebpf-edr-demo/pkg/detector/yaml_detector.go:568.2,568.14 1 0
ebpf-edr-demo/pkg/detector/yaml_detector.go:573.113,577.21 2 1
ebpf-edr-demo/pkg/detector/yaml_detector.go:577.21,579.3 1 1
ebpf-edr-demo/pkg/detector/yaml_detector.go:585.2,587.37 3 1
ebpf-edr-demo/pkg/detector/yaml_detector.go:587.37,589.51 2 1
ebpf-edr-demo/pkg/detector/yaml_detector.go:589.51,590.12 1 1
ebpf-edr-demo/pkg/detector/yaml_detector.go:592.3,592.29 1 1
ebpf-edr-demo/pkg/detector/yaml_detector.go:592.29,593.12 1 1
ebpf-edr-demo/pkg/detector/yaml_detector.go:595.3,595.23 1 1
ebpf-edr-demo/pkg/detector/yaml_detector.go:595.23,596.12 1 1
ebpf-edr-demo/pkg/detector/yaml_detector.go:598.3,598.77 1 1
ebpf-edr-demo/pkg/detector/yaml_detector.go:601.2,601.40 1 1
ebpf-edr-demo/pkg/detector/yaml_detector.go:601.40,605.28 1 1
ebpf-edr-demo/pkg/detector/yaml_detector.go:605.28,607.4 1 0
ebpf-edr-demo/pkg/detector/yaml_detector.go:616.3,616.36 1 1
ebpf-edr-demo/pkg/detector/yaml_detector.go:616.36,619.4 1 0
ebpf-edr-demo/pkg/detector/yaml_detector.go:623.3,623.64 1 1
ebpf-edr-demo/pkg/detector/yaml_detector.go:623.64,624.60 1 0
ebpf-edr-demo/pkg/detector/yaml_detector.go:624.60,626.5 1 0
ebpf-edr-demo/pkg/detector/yaml_detector.go:628.3,629.64 2 1
ebpf-edr-demo/pkg/detector/yaml_detector.go:629.64,630.17 1 0
ebpf-edr-demo/pkg/detector/yaml_detector.go:630.17,632.5 1 0
ebpf-edr-demo/pkg/detector/yaml_detector.go:640.3,640.146 1 1
ebpf-edr-demo/pkg/detector/yaml_detector.go:643.2,643.12 1 1
ebpf-edr-demo/pkg/detector/yaml_detector.go:648.107,653.21 3 1
ebpf-edr-demo/pkg/detector/yaml_detector.go:653.21,655.3 1 0
ebpf-edr-demo/pkg/detector/yaml_detector.go:658.2,660.38 3 1
ebpf-edr-demo/pkg/detector/yaml_detector.go:660.38,661.29 1 1
ebpf-edr-demo/pkg/detector/yaml_detector.go:661.29,663.4 1 1
ebpf-edr-demo/pkg/detector/yaml_detector.go:673.2,675.34 3 1
ebpf-edr-demo/pkg/detector/yaml_detector.go:675.34,677.51 2 1
ebpf-edr-demo/pkg/detector/yaml_detector.go:677.51,678.12 1 1
ebpf-edr-demo/pkg/detector/yaml_detector.go:680.3,680.29 1 1
ebpf-edr-demo/pkg/detector/yaml_detector.go:680.29,681.12 1 1
ebpf-edr-demo/pkg/detector/yaml_detector.go:683.3,683.23 1 1
ebpf-edr-demo/pkg/detector/yaml_detector.go:683.23,684.12 1 1
ebpf-edr-demo/pkg/detector/yaml_detector.go:686.3,686.84 1 1
ebpf-edr-demo/pkg/detector/yaml_detector.go:689.2,689.12 1 1
ebpf-edr-demo/pkg/detector/yaml_detector.go:694.133,702.33 4 0
ebpf-edr-demo/pkg/detector/yaml_detector.go:702.33,704.51 2 0
ebpf-edr-demo/pkg/detector/yaml_detector.go:704.51,705.12 1 0
ebpf-edr-demo/pkg/detector/yaml_detector.go:707.3,707.29 1 0
ebpf-edr-demo/pkg/detector/yaml_detector.go:707.29,708.12 1 0
ebpf-edr-demo/pkg/detector/yaml_detector.go:710.3,710.23 1 0
ebpf-edr-demo/pkg/detector/yaml_detector.go:710.23,711.12 1 0
ebpf-edr-demo/pkg/detector/yaml_detector.go:713.3,713.92 1 0
ebpf-edr-demo/pkg/detector/yaml_detector.go:716.2,716.12 1 0
ebpf-edr-demo/pkg/detector/yaml_detector.go:721.147,727.2 1 1
ebpf-edr-demo/pkg/detector/yaml_detector.go:729.143,735.2 1 1
ebpf-edr-demo/pkg/detector/yaml_detector.go:737.158,743.2 1 0
