mode: set
ebpf-edr-demo/internal/config/config.go:57.21,65.32 2 0
ebpf-edr-demo/internal/config/config.go:65.32,66.45 1 0
ebpf-edr-demo/internal/config/config.go:66.45,67.9 1 0
ebpf-edr-demo/internal/config/config.go:68.9,68.33 1 0
ebpf-edr-demo/internal/config/config.go:68.33,70.4 1 0
ebpf-edr-demo/internal/config/config.go:73.2,74.24 2 0
ebpf-edr-demo/internal/config/config.go:74.24,76.3 1 0
ebpf-edr-demo/internal/config/config.go:78.2,84.3 1 0
ebpf-edr-demo/internal/alert/alert.go:62.40,64.2 1 1
ebpf-edr-demo/internal/alert/alert.go:67.33,69.31 2 1
ebpf-edr-demo/internal/alert/alert.go:69.31,70.44 1 1
ebpf-edr-demo/internal/alert/alert.go:70.44,72.4 1 0
ebpf-edr-demo/internal/alert/alert.go:77.27,78.31 1 1
ebpf-edr-demo/internal/alert/alert.go:78.31,79.38 1 1
ebpf-edr-demo/internal/alert/alert.go:79.38,81.4 1 0
ebpf-edr-demo/internal/processor/processor.go:77.31,78.40 1 1
ebpf-edr-demo/internal/processor/processor.go:78.40,80.3 1 1
ebpf-edr-demo/internal/processor/processor.go:81.2,81.18 1 1
ebpf-edr-demo/internal/processor/processor.go:86.29,88.2 1 1
ebpf-edr-demo/internal/processor/processor.go:92.31,94.2 1 1
ebpf-edr-demo/pkg/detector/ancestry_cache.go:44.40,46.2 1 0
ebpf-edr-demo/pkg/detector/ancestry_cache.go:54.37,56.16 2 0
ebpf-edr-demo/pkg/detector/ancestry_cache.go:56.16,59.3 2 0
ebpf-edr-demo/pkg/detector/ancestry_cache.go:60.2,61.32 2 0
ebpf-edr-demo/pkg/detector/ancestry_cache.go:61.32,62.21 1 0
ebpf-edr-demo/pkg/detector/ancestry_cache.go:62.21,63.12 1 0
ebpf-edr-demo/pkg/detector/ancestry_cache.go:65.3,66.17 2 0
ebpf-edr-demo/pkg/detector/ancestry_cache.go:66.17,67.12 1 0
ebpf-edr-demo/pkg/detector/ancestry_cache.go:69.3,71.17 3 0
ebpf-edr-demo/pkg/detector/ancestry_cache.go:71.17,72.12 1 0
ebpf-edr-demo/pkg/detector/ancestry_cache.go:74.3,75.11 2 0
ebpf-edr-demo/pkg/detector/ancestry_cache.go:77.2,77.78 1 0
ebpf-edr-demo/pkg/detector/ancestry_cache.go:81.34,83.16 2 0
ebpf-edr-demo/pkg/detector/ancestry_cache.go:83.16,85.3 1 0
ebpf-edr-demo/pkg/detector/ancestry_cache.go:88.2,88.57 1 0
ebpf-edr-demo/pkg/detector/ancestry_cache.go:88.57,89.39 1 0
ebpf-edr-demo/pkg/detector/ancestry_cache.go:89.39,91.24 2 0
ebpf-edr-demo/pkg/detector/ancestry_cache.go:91.24,92.67 1 0
ebpf-edr-demo/pkg/detector/ancestry_cache.go:92.67,94.6 1 0
ebpf-edr-demo/pkg/detector/ancestry_cache.go:96.4,96.9 1 0
ebpf-edr-demo/pkg/detector/ancestry_cache.go:99.2,99.10 1 0
ebpf-edr-demo/pkg/detector/ancestry_cache.go:105.67,108.42 3 0
ebpf-edr-demo/pkg/detector/ancestry_cache.go:108.42,110.3 1 0
ebpf-edr-demo/pkg/detector/ancestry_cache.go:111.2,112.15 2 0
ebpf-edr-demo/pkg/detector/ancestry_cache.go:116.66,120.8 4 0
ebpf-edr-demo/pkg/detector/ancestry_cache.go:120.8,122.3 1 0
ebpf-edr-demo/pkg/detector/ancestry_cache.go:122.8,124.3 1 0
ebpf-edr-demo/pkg/detector/ancestry_cache.go:125.2,125.14 1 0
ebpf-edr-demo/pkg/detector/ancestry_cache.go:133.33,137.32 4 0
ebpf-edr-demo/pkg/detector/ancestry_cache.go:137.32,138.34 1 0
ebpf-edr-demo/pkg/detector/ancestry_cache.go:138.34,139.12 1 0
ebpf-edr-demo/pkg/detector/ancestry_cache.go:141.3,141.24 1 0
ebpf-edr-demo/pkg/detector/ancestry_cache.go:141.24,144.12 3 0
ebpf-edr-demo/pkg/detector/ancestry_cache.go:146.3,146.25 1 0
ebpf-edr-demo/pkg/detector/ancestry_cache.go:148.2,150.111 3 0
ebpf-edr-demo/pkg/detector/ancestry_cache.go:154.36,157.2 2 0
ebpf-edr-demo/pkg/detector/ancestry_cache.go:160.55,161.32 1 0
ebpf-edr-demo/pkg/detector/ancestry_cache.go:161.32,162.33 1 0
ebpf-edr-demo/pkg/detector/ancestry_cache.go:162.33,164.4 1 0
ebpf-edr-demo/pkg/detector/ancestry_cache.go:173.52,174.94 1 0
ebpf-edr-demo/pkg/detector/ancestry_cache.go:174.94,176.3 1 0
ebpf-edr-demo/pkg/detector/ancestry_cache.go:177.2,177.29 1 0
ebpf-edr-demo/pkg/detector/ancestry_cache.go:177.29,178.42 1 0
ebpf-edr-demo/pkg/detector/ancestry_cache.go:178.42,179.9 1 0
ebpf-edr-demo/pkg/detector/ancestry_cache.go:181.3,181.25 1 0
ebpf-edr-demo/pkg/detector/network_init.go:21.13,29.4 1 1
ebpf-edr-demo/pkg/detector/network_init.go:29.4,32.3 2 1
ebpf-edr-demo/pkg/detector/network_init.go:36.2,36.70 1 1
ebpf-edr-demo/pkg/detector/network_init.go:36.70,37.51 1 0
ebpf-edr-demo/pkg/detector/network_init.go:37.51,40.4 2 0
ebpf-edr-demo/pkg/detector/network_init.go:52.26,53.42 1 0
ebpf-edr-demo/pkg/detector/network_init.go:53.42,54.51 1 0
ebpf-edr-demo/pkg/detector/network_init.go:54.51,56.4 1 0
ebpf-edr-demo/pkg/detector/network_init.go:62.30,66.16 3 0
ebpf-edr-demo/pkg/detector/network_init.go:66.16,68.3 1 0
ebpf-edr-demo/pkg/detector/network_init.go:69.2,72.16 3 0
ebpf-edr-demo/pkg/detector/network_init.go:72.16,75.3 1 0
ebpf-edr-demo/pkg/detector/network_init.go:76.2,78.38 2 0
ebpf-edr-demo/pkg/detector/network_init.go:78.38,80.3 1 0
ebpf-edr-demo/pkg/detector/network_init.go:82.2,83.16 2 0
ebpf-edr-demo/pkg/detector/network_init.go:83.16,85.3 1 0
ebpf-edr-demo/pkg/detector/network_init.go:87.2,88.21 2 0
ebpf-edr-demo/pkg/detector/network_init.go:88.21,90.59 2 0
ebpf-edr-demo/pkg/detector/network_init.go:90.59,94.4 3 0
ebpf-edr-demo/pkg/detector/network_init.go:96.2,96.11 1 0
ebpf-edr-demo/pkg/detector/response.go:20.52,22.2 1 0
ebpf-edr-demo/pkg/detector/response.go:27.79,28.16 1 0
ebpf-edr-demo/pkg/detector/response.go:29.31,31.33 2 0
ebpf-edr-demo/pkg/detector/response.go:32.27,33.19 1 0
ebpf-edr-demo/pkg/detector/response.go:33.19,35.4 1 0
ebpf-edr-demo/pkg/detector/response.go:36.3,36.26 1 0
ebpf-edr-demo/pkg/detector/response.go:39.2,39.25 1 0
ebpf-edr-demo/pkg/detector/response.go:46.34,48.14 2 0
ebpf-edr-demo/pkg/detector/response.go:48.14,50.3 1 0
ebpf-edr-demo/pkg/detector/response.go:51.2,51.59 1 0
ebpf-edr-demo/pkg/detector/response.go:51.59,54.3 2 0
ebpf-edr-demo/pkg/detector/response.go:55.2,55.94 1 0
ebpf-edr-demo/pkg/detector/response.go:74.50,75.25 1 0
ebpf-edr-demo/pkg/detector/response.go:75.25,78.3 2 0
ebpf-edr-demo/pkg/detector/response.go:79.2,80.15 2 0
ebpf-edr-demo/pkg/detector/response.go:80.15,83.3 2 0
ebpf-edr-demo/pkg/detector/response.go:86.2,92.56 4 0
ebpf-edr-demo/pkg/detector/response.go:92.56,95.3 2 0
ebpf-edr-demo/pkg/detector/response.go:96.2,97.13 2 0
ebpf-edr-demo/pkg/detector/response_policy.go:50.63,51.34 1 0
ebpf-edr-demo/pkg/detector/response_policy.go:51.34,52.52 1 0
ebpf-edr-demo/pkg/detector/response_policy.go:52.52,54.4 1 0
ebpf-edr-demo/pkg/detector/response_policy.go:56.2,56.25 1 0
ebpf-edr-demo/pkg/detector/response_policy.go:59.38,61.2 1 0
ebpf-edr-demo/pkg/detector/response_policy.go:63.34,64.11 1 0
ebpf-edr-demo/pkg/detector/response_policy.go:65.22,66.11 1 0
ebpf-edr-demo/pkg/detector/response_policy.go:67.18,68.11 1 0
ebpf-edr-demo/pkg/detector/response_policy.go:69.20,70.11 1 0
ebpf-edr-demo/pkg/detector/response_policy.go:72.2,72.10 1 0
ebpf-edr-demo/pkg/detector/yaml_detector.go:46.38,48.2 1 1
ebpf-edr-demo/pkg/detector/yaml_detector.go:51.55,52.15 1 1
ebpf-edr-demo/pkg/detector/yaml_detector.go:52.15,54.3 1 1
ebpf-edr-demo/pkg/detector/yaml_detector.go:55.2,55.68 1 1
ebpf-edr-demo/pkg/detector/yaml_detector.go:55.68,57.3 1 1
ebpf-edr-demo/pkg/detector/yaml_detector.go:58.2,58.63 1 1
ebpf-edr-demo/pkg/detector/yaml_detector.go:58.63,60.3 1 1
ebpf-edr-demo/pkg/detector/yaml_detector.go:61.2,61.68 1 1
ebpf-edr-demo/pkg/detector/yaml_detector.go:61.68,63.3 1 1
ebpf-edr-demo/pkg/detector/yaml_detector.go:64.2,64.13 1 1
ebpf-edr-demo/pkg/detector/yaml_detector.go:67.53,68.31 1 1
ebpf-edr-demo/pkg/detector/yaml_detector.go:68.31,69.32 1 1
ebpf-edr-demo/pkg/detector/yaml_detector.go:69.32,71.4 1 1
ebpf-edr-demo/pkg/detector/yaml_detector.go:73.2,73.14 1 1
ebpf-edr-demo/pkg/detector/yaml_detector.go:76.53,77.31 1 1
ebpf-edr-demo/pkg/detector/yaml_detector.go:77.31,78.32 1 1
ebpf-edr-demo/pkg/detector/yaml_detector.go:78.32,80.4 1 1
ebpf-edr-demo/pkg/detector/yaml_detector.go:82.2,82.14 1 1
ebpf-edr-demo/pkg/detector/yaml_detector.go:97.55,99.2 1 0
ebpf-edr-demo/pkg/detector/yaml_detector.go:103.92,107.58 3 1
ebpf-edr-demo/pkg/detector/yaml_detector.go:107.58,108.33 1 0
ebpf-edr-demo/pkg/detector/yaml_detector.go:108.33,110.4 1 0
ebpf-edr-demo/pkg/detector/yaml_detector.go:112.2,113.53 2 1
ebpf-edr-demo/pkg/detector/yaml_detector.go:113.53,114.33 1 1
ebpf-edr-demo/pkg/detector/yaml_detector.go:114.33,116.4 1 1
ebpf-edr-demo/pkg/detector/yaml_detector.go:118.2,119.56 2 1
ebpf-edr-demo/pkg/detector/yaml_detector.go:119.56,120.33 1 0
ebpf-edr-demo/pkg/detector/yaml_detector.go:120.33,122.4 1 0
ebpf-edr-demo/pkg/detector/yaml_detector.go:126.2,128.10 3 1
ebpf-edr-demo/pkg/detector/yaml_detector.go:134.90,136.27 2 1
ebpf-edr-demo/pkg/detector/yaml_detector.go:136.27,145.3 1 1
ebpf-edr-demo/pkg/detector/yaml_detector.go:146.2,146.17 1 1
ebpf-edr-demo/pkg/detector/yaml_detector.go:149.73,151.29 2 1
ebpf-edr-demo/pkg/detector/yaml_detector.go:151.29,153.3 1 1
ebpf-edr-demo/pkg/detector/yaml_detector.go:154.2,154.27 1 1
ebpf-edr-demo/pkg/detector/yaml_detector.go:154.27,156.55 2 1
ebpf-edr-demo/pkg/detector/yaml_detector.go:156.55,158.4 1 1
ebpf-edr-demo/pkg/detector/yaml_detector.go:160.2,160.29 1 1
ebpf-edr-demo/pkg/detector/yaml_detector.go:160.29,162.3 1 1
ebpf-edr-demo/pkg/detector/yaml_detector.go:163.2,163.10 1 1
ebpf-edr-demo/pkg/detector/yaml_detector.go:168.79,170.2 1 0
ebpf-edr-demo/pkg/detector/yaml_detector.go:175.59,177.2 1 0
ebpf-edr-demo/pkg/detector/yaml_detector.go:183.71,184.60 1 0
ebpf-edr-demo/pkg/detector/yaml_detector.go:184.60,186.3 1 0
ebpf-edr-demo/pkg/detector/yaml_detector.go:189.2,189.30 1 0
ebpf-edr-demo/pkg/detector/yaml_detector.go:189.30,191.3 1 0
ebpf-edr-demo/pkg/detector/yaml_detector.go:193.2,195.17 2 0
ebpf-edr-demo/pkg/detector/yaml_detector.go:196.33,197.52 1 0
ebpf-edr-demo/pkg/detector/yaml_detector.go:199.30,200.46 1 0
ebpf-edr-demo/pkg/detector/yaml_detector.go:202.29,205.58 3 0
ebpf-edr-demo/pkg/detector/yaml_detector.go:208.2,208.10 1 0
ebpf-edr-demo/pkg/detector/yaml_detector.go:213.61,215.18 2 1
ebpf-edr-demo/pkg/detector/yaml_detector.go:215.18,217.3 1 1
ebpf-edr-demo/pkg/detector/yaml_detector.go:218.2,219.29 2 1
ebpf-edr-demo/pkg/detector/yaml_detector.go:219.29,220.33 1 1
ebpf-edr-demo/pkg/detector/yaml_detector.go:220.33,222.4 1 1
ebpf-edr-demo/pkg/detector/yaml_detector.go:224.2,224.15 1 1
ebpf-edr-demo/pkg/detector/yaml_detector.go:227.66,229.31 2 0
ebpf-edr-demo/pkg/detector/yaml_detector.go:229.31,230.23 1 0
ebpf-edr-demo/pkg/detector/yaml_detector.go:230.23,232.4 1 0
ebpf-edr-demo/pkg/detector/yaml_detector.go:234.2,234.14 1 0
ebpf-edr-demo/pkg/detector/yaml_detector.go:237.60,239.32 2 0
ebpf-edr-demo/pkg/detector/yaml_detector.go:239.32,240.39 1 0
ebpf-edr-demo/pkg/detector/yaml_detector.go:240.39,242.4 1 0
ebpf-edr-demo/pkg/detector/yaml_detector.go:244.2,244.14 1 0
ebpf-edr-demo/pkg/detector/yaml_detector.go:247.56,251.25 3 1
ebpf-edr-demo/pkg/detector/yaml_detector.go:251.25,252.16 1 1
ebpf-edr-demo/pkg/detector/yaml_detector.go:252.16,254.4 1 0
ebpf-edr-demo/pkg/detector/yaml_detector.go:256.2,256.14 1 1
ebpf-edr-demo/pkg/detector/yaml_detector.go:259.52,262.30 2 0
ebpf-edr-demo/pkg/detector/yaml_detector.go:262.30,264.17 2 0
ebpf-edr-demo/pkg/detector/yaml_detector.go:264.17,265.12 1 0
ebpf-edr-demo/pkg/detector/yaml_detector.go:267.3,267.21 1 0
ebpf-edr-demo/pkg/detector/yaml_detector.go:267.21,269.4 1 0
ebpf-edr-demo/pkg/detector/yaml_detector.go:271.2,271.14 1 0
ebpf-edr-demo/pkg/detector/yaml_detector.go:274.64,276.28 1 1
ebpf-edr-demo/pkg/detector/yaml_detector.go:276.28,278.3 1 1
ebpf-edr-demo/pkg/detector/yaml_detector.go:279.2,280.14 2 0
ebpf-edr-demo/pkg/detector/yaml_detector.go:289.72,290.23 1 1
ebpf-edr-demo/pkg/detector/yaml_detector.go:290.23,291.42 1 0
ebpf-edr-demo/pkg/detector/yaml_detector.go:291.42,293.4 1 0
ebpf-edr-demo/pkg/detector/yaml_detector.go:295.2,296.16 2 1
ebpf-edr-demo/pkg/detector/yaml_detector.go:296.16,298.3 1 1
ebpf-edr-demo/pkg/detector/yaml_detector.go:299.2,299.64 1 0
ebpf-edr-demo/pkg/detector/yaml_detector.go:319.57,321.33 2 1
ebpf-edr-demo/pkg/detector/yaml_detector.go:321.33,322.43 1 1
ebpf-edr-demo/pkg/detector/yaml_detector.go:322.43,324.4 1 0
ebpf-edr-demo/pkg/detector/yaml_detector.go:325.3,326.10 2 1
ebpf-edr-demo/pkg/detector/yaml_detector.go:326.10,328.4 1 1
ebpf-edr-demo/pkg/detector/yaml_detector.go:329.3,329.44 1 0
ebpf-edr-demo/pkg/detector/yaml_detector.go:329.44,331.4 1 0
ebpf-edr-demo/pkg/detector/yaml_detector.go:333.3,333.51 1 0
ebpf-edr-demo/pkg/detector/yaml_detector.go:333.51,335.4 1 0
ebpf-edr-demo/pkg/detector/yaml_detector.go:336.3,336.43 1 0
ebpf-edr-demo/pkg/detector/yaml_detector.go:336.43,338.4 1 0
ebpf-edr-demo/pkg/detector/yaml_detector.go:339.3,339.19 1 0
ebpf-edr-demo/pkg/detector/yaml_detector.go:341.2,341.14 1 0
ebpf-edr-demo/pkg/detector/yaml_detector.go:346.66,347.52 1 0
ebpf-edr-demo/pkg/detector/yaml_detector.go:347.52,349.3 1 0
ebpf-edr-demo/pkg/detector/yaml_detector.go:350.2,350.42 1 0
ebpf-edr-demo/pkg/detector/yaml_detector.go:359.68,360.39 1 0
ebpf-edr-demo/pkg/detector/yaml_detector.go:360.39,362.3 1 0
ebpf-edr-demo/pkg/detector/yaml_detector.go:363.2,363.41 1 0
ebpf-edr-demo/pkg/detector/yaml_detector.go:363.41,364.37 1 0
ebpf-edr-demo/pkg/detector/yaml_detector.go:364.37,366.4 1 0
ebpf-edr-demo/pkg/detector/yaml_detector.go:368.2,368.13 1 0
ebpf-edr-demo/pkg/detector/yaml_detector.go:374.58,375.40 1 1
ebpf-edr-demo/pkg/detector/yaml_detector.go:375.40,377.3 1 1
ebpf-edr-demo/pkg/detector/yaml_detector.go:378.2,378.102 1 1
ebpf-edr-demo/pkg/detector/yaml_detector.go:385.75,391.17 4 0
ebpf-edr-demo/pkg/detector/yaml_detector.go:392.33,394.25 2 0
ebpf-edr-demo/pkg/detector/yaml_detector.go:395.30,398.68 3 0
ebpf-edr-demo/pkg/detector/yaml_detector.go:399.29,401.21 2 0
ebpf-edr-demo/pkg/detector/yaml_detector.go:402.10,403.15 1 0
ebpf-edr-demo/pkg/detector/yaml_detector.go:406.2,409.46 2 0
ebpf-edr-demo/pkg/detector/yaml_detector.go:409.46,411.28 1 0
ebpf-edr-demo/pkg/detector/yaml_detector.go:411.28,413.35 2 0
ebpf-edr-demo/pkg/detector/yaml_detector.go:413.35,414.22 1 0
ebpf-edr-demo/pkg/detector/yaml_detector.go:414.22,416.11 2 0
ebpf-edr-demo/pkg/detector/yaml_detector.go:419.4,419.16 1 0
ebpf-edr-demo/pkg/detector/yaml_detector.go:419.16,420.13 1 0
ebpf-edr-demo/pkg/detector/yaml_detector.go:425.3,425.29 1 0
ebpf-edr-demo/pkg/detector/yaml_detector.go:425.29,426.28 1 0
ebpf-edr-demo/pkg/detector/yaml_detector.go:427.16,429.18 1 0
ebpf-edr-demo/pkg/detector/yaml_detector.go:429.18,430.14 1 0
ebpf-edr-demo/pkg/detector/yaml_detector.go:432.26,438.40 1 0
ebpf-edr-demo/pkg/detector/yaml_detector.go:438.40,439.14 1 0
ebpf-edr-demo/pkg/detector/yaml_detector.go:443.5,443.33 1 0
ebpf-edr-demo/pkg/detector/yaml_detector.go:443.33,444.14 1 0
ebpf-edr-demo/pkg/detector/yaml_detector.go:446.12,447.13 1 0
ebpf-edr-demo/pkg/detector/yaml_detector.go:453.3,453.32 1 0
ebpf-edr-demo/pkg/detector/yaml_detector.go:453.32,456.4 1 0
ebpf-edr-demo/pkg/detector/yaml_detector.go:460.3,460.43 1 0
ebpf-edr-demo/pkg/detector/yaml_detector.go:460.43,462.4 1 0
ebpf-edr-demo/pkg/detector/yaml_detector.go:465.3,465.21 1 0
ebpf-edr-demo/pkg/detector/yaml_detector.go:465.21,467.12 1 0
ebpf-edr-demo/pkg/detector/yaml_detector.go:471.3,472.42 2 0
ebpf-edr-demo/pkg/detector/yaml_detector.go:472.42,474.38 1 0
ebpf-edr-demo/pkg/detector/yaml_detector.go:474.38,476.59 1 0
ebpf-edr-demo/pkg/detector/yaml_detector.go:476.59,478.11 2 0
ebpf-edr-demo/pkg/detector/yaml_detector.go:480.10,482.44 1 0
ebpf-edr-demo/pkg/detector/yaml_detector.go:482.44,484.11 2 0
ebpf-edr-demo/pkg/detector/yaml_detector.go:489.3,489.19 1 0
ebpf-edr-demo/pkg/detector/yaml_detector.go:489.19,490.12 1 0
ebpf-edr-demo/pkg/detector/yaml_detector.go:494.3,494.14 1 0
ebpf-edr-demo/pkg/detector/yaml_detector.go:497.2,497.14 1 0
ebpf-edr-demo/pkg/detector/yaml_detector.go:502.113,506.21 2 1
ebpf-edr-demo/pkg/detector/yaml_detector.go:506.21,508.3 1 1
ebpf-edr-demo/pkg/detector/yaml_detector.go:514.2,515.37 2 1
ebpf-edr-demo/pkg/detector/yaml_detector.go:515.37,517.51 2 1
ebpf-edr-demo/pkg/detector/yaml_detector.go:517.51,518.12 1 1
ebpf-edr-demo/pkg/detector/yaml_detector.go:520.3,520.35 1 1
ebpf-edr-demo/pkg/detector/yaml_detector.go:520.35,521.12 1 1
ebpf-edr-demo/pkg/detector/yaml_detector.go:523.3,523.39 1 1
ebpf-edr-demo/pkg/detector/yaml_detector.go:523.39,524.12 1 1
ebpf-edr-demo/pkg/detector/yaml_detector.go:526.3,526.77 1 1
ebpf-edr-demo/pkg/detector/yaml_detector.go:529.2,529.40 1 1
ebpf-edr-demo/pkg/detector/yaml_detector.go:529.40,533.28 1 1
ebpf-edr-demo/pkg/detector/yaml_detector.go:533.28,535.4 1 0
ebpf-edr-demo/pkg/detector/yaml_detector.go:544.3,544.36 1 1
ebpf-edr-demo/pkg/detector/yaml_detector.go:544.36,547.4 1 0
ebpf-edr-demo/pkg/detector/yaml_detector.go:551.3,551.64 1 1
ebpf-edr-demo/pkg/detector/yaml_detector.go:551.64,552.60 1 0
ebpf-edr-demo/pkg/detector/yaml_detector.go:552.60,554.5 1 0
ebpf-edr-demo/pkg/detector/yaml_detector.go:556.3,557.64 2 1
ebpf-edr-demo/pkg/detector/yaml_detector.go:557.64,558.17 1 0
ebpf-edr-demo/pkg/detector/yaml_detector.go:558.17,560.5 1 0
ebpf-edr-demo/pkg/detector/yaml_detector.go:568.3,568.146 1 1
ebpf-edr-demo/pkg/detector/yaml_detector.go:571.2,571.12 1 1
ebpf-edr-demo/pkg/detector/yaml_detector.go:576.107,581.21 3 0
ebpf-edr-demo/pkg/detector/yaml_detector.go:581.21,583.3 1 0
ebpf-edr-demo/pkg/detector/yaml_detector.go:585.2,587.38 3 0
ebpf-edr-demo/pkg/detector/yaml_detector.go:587.38,588.29 1 0
ebpf-edr-demo/pkg/detector/yaml_detector.go:588.29,590.4 1 0
ebpf-edr-demo/pkg/detector/yaml_detector.go:594.2,594.27 1 0
ebpf-edr-demo/pkg/detector/yaml_detector.go:594.27,596.3 1 0
ebpf-edr-demo/pkg/detector/yaml_detector.go:600.2,615.25 2 0
ebpf-edr-demo/pkg/detector/yaml_detector.go:615.25,617.42 2 0
ebpf-edr-demo/pkg/detector/yaml_detector.go:617.42,618.79 1 0
ebpf-edr-demo/pkg/detector/yaml_detector.go:618.79,620.5 1 0
ebpf-edr-demo/pkg/detector/yaml_detector.go:626.2,626.51 1 0
ebpf-edr-demo/pkg/detector/yaml_detector.go:626.51,628.37 2 0
ebpf-edr-demo/pkg/detector/yaml_detector.go:628.37,629.43 1 0
ebpf-edr-demo/pkg/detector/yaml_detector.go:629.43,631.5 1 0
ebpf-edr-demo/pkg/detector/yaml_detector.go:637.2,637.51 1 0
ebpf-edr-demo/pkg/detector/yaml_detector.go:637.51,639.36 2 0
ebpf-edr-demo/pkg/detector/yaml_detector.go:639.36,640.41 1 0
ebpf-edr-demo/pkg/detector/yaml_detector.go:640.41,642.5 1 0
ebpf-edr-demo/pkg/detector/yaml_detector.go:648.2,648.51 1 0
ebpf-edr-demo/pkg/detector/yaml_detector.go:648.51,650.39 2 0
ebpf-edr-demo/pkg/detector/yaml_detector.go:650.39,651.43 1 0
ebpf-edr-demo/pkg/detector/yaml_detector.go:651.43,653.5 1 0
ebpf-edr-demo/pkg/detector/yaml_detector.go:659.2,659.51 1 0
ebpf-edr-demo/pkg/detector/yaml_detector.go:659.51,661.41 2 0
ebpf-edr-demo/pkg/detector/yaml_detector.go:661.41,662.43 1 0
ebpf-edr-demo/pkg/detector/yaml_detector.go:662.43,663.54 1 0
ebpf-edr-demo/pkg/detector/yaml_detector.go:663.54,664.14 1 0
ebpf-edr-demo/pkg/detector/yaml_detector.go:666.5,666.136 1 0
ebpf-edr-demo/pkg/detector/yaml_detector.go:673.2,673.51 1 0
ebpf-edr-demo/pkg/detector/yaml_detector.go:673.51,675.39 2 0
ebpf-edr-demo/pkg/detector/yaml_detector.go:675.39,676.43 1 0
ebpf-edr-demo/pkg/detector/yaml_detector.go:676.43,678.5 1 0
ebpf-edr-demo/pkg/detector/yaml_detector.go:687.2,687.64 1 0
ebpf-edr-demo/pkg/detector/yaml_detector.go:687.64,689.38 2 0
ebpf-edr-demo/pkg/detector/yaml_detector.go:689.38,690.43 1 0
ebpf-edr-demo/pkg/detector/yaml_detector.go:690.43,692.5 1 0
ebpf-edr-demo/pkg/detector/yaml_detector.go:698.2,698.25 1 0
ebpf-edr-demo/pkg/detector/yaml_detector.go:698.25,700.36 2 0
ebpf-edr-demo/pkg/detector/yaml_detector.go:700.36,701.43 1 0
ebpf-edr-demo/pkg/detector/yaml_detector.go:701.43,703.5 1 0
ebpf-edr-demo/pkg/detector/yaml_detector.go:709.2,709.25 1 0
ebpf-edr-demo/pkg/detector/yaml_detector.go:709.25,711.42 2 0
ebpf-edr-demo/pkg/detector/yaml_detector.go:711.42,712.43 1 0
ebpf-edr-demo/pkg/detector/yaml_detector.go:712.43,714.5 1 0
ebpf-edr-demo/pkg/detector/yaml_detector.go:718.2,718.12 1 0
ebpf-edr-demo/pkg/detector/yaml_detector.go:723.133,725.23 1 0
ebpf-edr-demo/pkg/detector/yaml_detector.go:725.23,727.3 1 0
ebpf-edr-demo/pkg/detector/yaml_detector.go:729.2,735.26 5 0
ebpf-edr-demo/pkg/detector/yaml_detector.go:735.26,737.3 1 0
ebpf-edr-demo/pkg/detector/yaml_detector.go:740.2,740.49 1 0
ebpf-edr-demo/pkg/detector/yaml_detector.go:740.49,741.16 1 0
ebpf-edr-demo/pkg/detector/yaml_detector.go:741.16,743.4 1 0
ebpf-edr-demo/pkg/detector/yaml_detector.go:747.2,747.58 1 0
ebpf-edr-demo/pkg/detector/yaml_detector.go:747.58,748.28 1 0
ebpf-edr-demo/pkg/detector/yaml_detector.go:748.28,750.4 1 0
ebpf-edr-demo/pkg/detector/yaml_detector.go:753.2,764.3 1 0
ebpf-edr-demo/pkg/detector/yaml_detector.go:769.147,775.2 1 0
ebpf-edr-demo/pkg/detector/yaml_detector.go:777.143,783.2 1 1
