mode: set
ebpf-edr-demo/internal/config/config.go:27.21,35.32 2 0
ebpf-edr-demo/internal/config/config.go:35.32,36.45 1 0
ebpf-edr-demo/internal/config/config.go:36.45,37.9 1 0
ebpf-edr-demo/internal/config/config.go:38.9,38.33 1 0
ebpf-edr-demo/internal/config/config.go:38.33,40.4 1 0
ebpf-edr-demo/internal/config/config.go:43.2,49.3 1 0
ebpf-edr-demo/pkg/detector/network_init.go:21.13,29.4 1 0
ebpf-edr-demo/pkg/detector/network_init.go:29.4,32.3 2 0
ebpf-edr-demo/pkg/detector/network_init.go:36.2,36.70 1 0
ebpf-edr-demo/pkg/detector/network_init.go:36.70,37.51 1 0
ebpf-edr-demo/pkg/detector/network_init.go:37.51,40.4 2 0
ebpf-edr-demo/pkg/detector/network_init.go:52.26,53.42 1 0
ebpf-edr-demo/pkg/detector/network_init.go:53.42,54.51 1 0
ebpf-edr-demo/pkg/detector/network_init.go:54.51,56.4 1 0
ebpf-edr-demo/pkg/detector/network_init.go:62.30,66.16 3 0
ebpf-edr-demo/pkg/detector/network_init.go:66.16,68.3 1 0
ebpf-edr-demo/pkg/detector/network_init.go:69.2,72.16 3 0
ebpf-edr-demo/pkg/detector/network_init.go:72.16,75.3 1 0
ebpf-edr-demo/pkg/detector/network_init.go:76.2,78.38 2 0
ebpf-edr-demo/pkg/detector/network_init.go:78.38,80.3 1 0
ebpf-edr-demo/pkg/detector/network_init.go:82.2,83.16 2 0
ebpf-edr-demo/pkg/detector/network_init.go:83.16,85.3 1 0
ebpf-edr-demo/pkg/detector/network_init.go:87.2,88.21 2 0
ebpf-edr-demo/pkg/detector/network_init.go:88.21,90.59 2 0
ebpf-edr-demo/pkg/detector/network_init.go:90.59,94.4 3 0
ebpf-edr-demo/pkg/detector/network_init.go:96.2,96.11 1 0
ebpf-edr-demo/pkg/detector/response.go:20.52,22.2 1 0
ebpf-edr-demo/pkg/detector/response.go:27.83,28.16 1 0
ebpf-edr-demo/pkg/detector/response.go:29.25,31.27 2 0
ebpf-edr-demo/pkg/detector/response.go:32.21,33.19 1 0
ebpf-edr-demo/pkg/detector/response.go:33.19,35.4 1 0
ebpf-edr-demo/pkg/detector/response.go:36.3,36.20 1 0
ebpf-edr-demo/pkg/detector/response.go:39.2,39.19 1 0
ebpf-edr-demo/pkg/detector/response.go:46.34,48.14 2 0
ebpf-edr-demo/pkg/detector/response.go:48.14,50.3 1 0
ebpf-edr-demo/pkg/detector/response.go:51.2,51.59 1 0
ebpf-edr-demo/pkg/detector/response.go:51.59,54.3 2 0
ebpf-edr-demo/pkg/detector/response.go:55.2,55.94 1 0
ebpf-edr-demo/pkg/detector/response.go:74.50,75.25 1 0
ebpf-edr-demo/pkg/detector/response.go:75.25,78.3 2 0
ebpf-edr-demo/pkg/detector/response.go:79.2,80.15 2 0
ebpf-edr-demo/pkg/detector/response.go:80.15,83.3 2 0
ebpf-edr-demo/pkg/detector/response.go:86.2,92.56 4 0
ebpf-edr-demo/pkg/detector/response.go:92.56,95.3 2 0
ebpf-edr-demo/pkg/detector/response.go:96.2,97.13 2 0
ebpf-edr-demo/pkg/detector/response_policy.go:58.65,59.34 1 0
ebpf-edr-demo/pkg/detector/response_policy.go:59.34,60.52 1 0
ebpf-edr-demo/pkg/detector/response_policy.go:60.52,62.4 1 0
ebpf-edr-demo/pkg/detector/response_policy.go:64.2,64.19 1 0
ebpf-edr-demo/pkg/detector/response_policy.go:67.38,69.2 1 0
ebpf-edr-demo/pkg/detector/response_policy.go:71.34,72.11 1 0
ebpf-edr-demo/pkg/detector/response_policy.go:73.22,74.11 1 0
ebpf-edr-demo/pkg/detector/response_policy.go:75.18,76.11 1 0
ebpf-edr-demo/pkg/detector/response_policy.go:77.20,78.11 1 0
ebpf-edr-demo/pkg/detector/response_policy.go:80.2,80.10 1 0
ebpf-edr-demo/pkg/detector/yaml_detector.go:26.55,28.2 1 0
ebpf-edr-demo/pkg/detector/yaml_detector.go:33.74,35.2 1 0
ebpf-edr-demo/pkg/detector/yaml_detector.go:38.72,39.60 1 0
ebpf-edr-demo/pkg/detector/yaml_detector.go:39.60,41.3 1 0
ebpf-edr-demo/pkg/detector/yaml_detector.go:43.2,45.17 2 0
ebpf-edr-demo/pkg/detector/yaml_detector.go:46.33,47.52 1 0
ebpf-edr-demo/pkg/detector/yaml_detector.go:49.30,50.46 1 0
ebpf-edr-demo/pkg/detector/yaml_detector.go:52.29,55.58 3 0
ebpf-edr-demo/pkg/detector/yaml_detector.go:58.2,58.14 1 0
ebpf-edr-demo/pkg/detector/yaml_detector.go:58.14,60.3 1 0
ebpf-edr-demo/pkg/detector/yaml_detector.go:62.2,62.26 1 0
ebpf-edr-demo/pkg/detector/yaml_detector.go:67.61,69.18 2 0
ebpf-edr-demo/pkg/detector/yaml_detector.go:69.18,71.3 1 0
ebpf-edr-demo/pkg/detector/yaml_detector.go:72.2,73.29 2 0
ebpf-edr-demo/pkg/detector/yaml_detector.go:73.29,74.33 1 0
ebpf-edr-demo/pkg/detector/yaml_detector.go:74.33,76.4 1 0
ebpf-edr-demo/pkg/detector/yaml_detector.go:78.2,78.15 1 0
ebpf-edr-demo/pkg/detector/yaml_detector.go:81.73,83.25 2 0
ebpf-edr-demo/pkg/detector/yaml_detector.go:83.25,84.33 1 0
ebpf-edr-demo/pkg/detector/yaml_detector.go:84.33,86.4 1 0
ebpf-edr-demo/pkg/detector/yaml_detector.go:88.2,88.14 1 0
ebpf-edr-demo/pkg/detector/yaml_detector.go:91.66,93.31 2 0
ebpf-edr-demo/pkg/detector/yaml_detector.go:93.31,94.23 1 0
ebpf-edr-demo/pkg/detector/yaml_detector.go:94.23,96.4 1 0
ebpf-edr-demo/pkg/detector/yaml_detector.go:98.2,98.14 1 0
ebpf-edr-demo/pkg/detector/yaml_detector.go:101.60,103.32 2 0
ebpf-edr-demo/pkg/detector/yaml_detector.go:103.32,104.39 1 0
ebpf-edr-demo/pkg/detector/yaml_detector.go:104.39,106.4 1 0
ebpf-edr-demo/pkg/detector/yaml_detector.go:108.2,108.14 1 0
ebpf-edr-demo/pkg/detector/yaml_detector.go:111.56,114.30 3 0
ebpf-edr-demo/pkg/detector/yaml_detector.go:114.30,115.16 1 0
ebpf-edr-demo/pkg/detector/yaml_detector.go:115.16,117.4 1 0
ebpf-edr-demo/pkg/detector/yaml_detector.go:119.2,119.14 1 0
ebpf-edr-demo/pkg/detector/yaml_detector.go:122.52,125.30 2 0
ebpf-edr-demo/pkg/detector/yaml_detector.go:125.30,127.17 2 0
ebpf-edr-demo/pkg/detector/yaml_detector.go:127.17,128.12 1 0
ebpf-edr-demo/pkg/detector/yaml_detector.go:130.3,130.21 1 0
ebpf-edr-demo/pkg/detector/yaml_detector.go:130.21,132.4 1 0
ebpf-edr-demo/pkg/detector/yaml_detector.go:134.2,134.14 1 0
ebpf-edr-demo/pkg/detector/yaml_detector.go:139.113,141.37 1 0
ebpf-edr-demo/pkg/detector/yaml_detector.go:141.37,143.3 1 0
ebpf-edr-demo/pkg/detector/yaml_detector.go:145.2,149.36 3 0
ebpf-edr-demo/pkg/detector/yaml_detector.go:149.36,150.38 1 0
ebpf-edr-demo/pkg/detector/yaml_detector.go:150.38,152.4 1 0
ebpf-edr-demo/pkg/detector/yaml_detector.go:155.2,155.27 1 0
ebpf-edr-demo/pkg/detector/yaml_detector.go:155.27,157.3 1 0
ebpf-edr-demo/pkg/detector/yaml_detector.go:159.2,159.40 1 0
ebpf-edr-demo/pkg/detector/yaml_detector.go:159.40,168.36 5 0
ebpf-edr-demo/pkg/detector/yaml_detector.go:168.36,169.17 1 0
ebpf-edr-demo/pkg/detector/yaml_detector.go:169.17,171.5 1 0
ebpf-edr-demo/pkg/detector/yaml_detector.go:175.3,175.48 1 0
ebpf-edr-demo/pkg/detector/yaml_detector.go:175.48,176.31 1 0
ebpf-edr-demo/pkg/detector/yaml_detector.go:176.31,177.18 1 0
ebpf-edr-demo/pkg/detector/yaml_detector.go:177.18,179.6 1 0
ebpf-edr-demo/pkg/detector/yaml_detector.go:184.3,184.33 1 0
ebpf-edr-demo/pkg/detector/yaml_detector.go:184.33,185.17 1 0
ebpf-edr-demo/pkg/detector/yaml_detector.go:185.17,187.5 1 0
ebpf-edr-demo/pkg/detector/yaml_detector.go:191.3,191.151 1 0
ebpf-edr-demo/pkg/detector/yaml_detector.go:194.2,194.46 1 0
ebpf-edr-demo/pkg/detector/yaml_detector.go:194.46,196.3 1 0
ebpf-edr-demo/pkg/detector/yaml_detector.go:198.2,198.44 1 0
ebpf-edr-demo/pkg/detector/yaml_detector.go:198.44,200.3 1 0
ebpf-edr-demo/pkg/detector/yaml_detector.go:202.2,202.51 1 0
ebpf-edr-demo/pkg/detector/yaml_detector.go:202.51,204.3 1 0
ebpf-edr-demo/pkg/detector/yaml_detector.go:206.2,206.12 1 0
ebpf-edr-demo/pkg/detector/yaml_detector.go:211.107,216.38 4 0
ebpf-edr-demo/pkg/detector/yaml_detector.go:216.38,217.16 1 0
ebpf-edr-demo/pkg/detector/yaml_detector.go:217.16,219.4 1 0
ebpf-edr-demo/pkg/detector/yaml_detector.go:223.2,223.37 1 0
ebpf-edr-demo/pkg/detector/yaml_detector.go:223.37,225.43 2 0
ebpf-edr-demo/pkg/detector/yaml_detector.go:225.43,226.43 1 0
ebpf-edr-demo/pkg/detector/yaml_detector.go:226.43,228.5 1 0
ebpf-edr-demo/pkg/detector/yaml_detector.go:230.3,230.13 1 0
ebpf-edr-demo/pkg/detector/yaml_detector.go:234.2,235.41 2 0
ebpf-edr-demo/pkg/detector/yaml_detector.go:235.41,236.78 1 0
ebpf-edr-demo/pkg/detector/yaml_detector.go:236.78,238.4 1 0
ebpf-edr-demo/pkg/detector/yaml_detector.go:242.2,243.36 2 0
ebpf-edr-demo/pkg/detector/yaml_detector.go:243.36,244.42 1 0
ebpf-edr-demo/pkg/detector/yaml_detector.go:244.42,246.4 1 0
ebpf-edr-demo/pkg/detector/yaml_detector.go:250.2,251.35 2 0
ebpf-edr-demo/pkg/detector/yaml_detector.go:251.35,252.40 1 0
ebpf-edr-demo/pkg/detector/yaml_detector.go:252.40,254.4 1 0
ebpf-edr-demo/pkg/detector/yaml_detector.go:258.2,259.38 2 0
ebpf-edr-demo/pkg/detector/yaml_detector.go:259.38,260.42 1 0
ebpf-edr-demo/pkg/detector/yaml_detector.go:260.42,262.4 1 0
ebpf-edr-demo/pkg/detector/yaml_detector.go:266.2,267.40 2 0
ebpf-edr-demo/pkg/detector/yaml_detector.go:267.40,268.42 1 0
ebpf-edr-demo/pkg/detector/yaml_detector.go:268.42,269.53 1 0
ebpf-edr-demo/pkg/detector/yaml_detector.go:269.53,270.13 1 0
ebpf-edr-demo/pkg/detector/yaml_detector.go:272.4,272.135 1 0
ebpf-edr-demo/pkg/detector/yaml_detector.go:277.2,278.38 2 0
ebpf-edr-demo/pkg/detector/yaml_detector.go:278.38,279.42 1 0
ebpf-edr-demo/pkg/detector/yaml_detector.go:279.42,281.4 1 0
ebpf-edr-demo/pkg/detector/yaml_detector.go:285.2,286.37 2 0
ebpf-edr-demo/pkg/detector/yaml_detector.go:286.37,287.42 1 0
ebpf-edr-demo/pkg/detector/yaml_detector.go:287.42,289.4 1 0
ebpf-edr-demo/pkg/detector/yaml_detector.go:293.2,294.35 2 0
ebpf-edr-demo/pkg/detector/yaml_detector.go:294.35,295.42 1 0
ebpf-edr-demo/pkg/detector/yaml_detector.go:295.42,297.4 1 0
ebpf-edr-demo/pkg/detector/yaml_detector.go:301.2,302.41 2 0
ebpf-edr-demo/pkg/detector/yaml_detector.go:302.41,303.42 1 0
ebpf-edr-demo/pkg/detector/yaml_detector.go:303.42,305.4 1 0
ebpf-edr-demo/pkg/detector/yaml_detector.go:308.2,308.12 1 0
ebpf-edr-demo/pkg/detector/yaml_detector.go:313.133,314.37 1 0
ebpf-edr-demo/pkg/detector/yaml_detector.go:314.37,316.3 1 0
ebpf-edr-demo/pkg/detector/yaml_detector.go:318.2,318.23 1 0
ebpf-edr-demo/pkg/detector/yaml_detector.go:318.23,320.3 1 0
ebpf-edr-demo/pkg/detector/yaml_detector.go:322.2,327.49 4 0
ebpf-edr-demo/pkg/detector/yaml_detector.go:327.49,328.16 1 0
ebpf-edr-demo/pkg/detector/yaml_detector.go:328.16,330.4 1 0
ebpf-edr-demo/pkg/detector/yaml_detector.go:334.2,334.58 1 0
ebpf-edr-demo/pkg/detector/yaml_detector.go:334.58,335.28 1 0
ebpf-edr-demo/pkg/detector/yaml_detector.go:335.28,337.4 1 0
ebpf-edr-demo/pkg/detector/yaml_detector.go:340.2,351.3 1 0
ebpf-edr-demo/pkg/detector/yaml_detector.go:356.147,362.2 1 0
ebpf-edr-demo/pkg/detector/yaml_detector.go:364.143,370.2 1 0
ebpf-edr-demo/internal/alert/alert.go:52.40,54.2 1 1
ebpf-edr-demo/internal/alert/alert.go:57.33,59.31 2 1
ebpf-edr-demo/internal/alert/alert.go:59.31,60.44 1 1
ebpf-edr-demo/internal/alert/alert.go:60.44,62.4 1 0
ebpf-edr-demo/internal/alert/alert.go:67.27,68.31 1 1
ebpf-edr-demo/internal/alert/alert.go:68.31,69.38 1 1
ebpf-edr-demo/internal/alert/alert.go:69.38,71.4 1 0
ebpf-edr-demo/internal/processor/processor.go:78.31,79.40 1 1
ebpf-edr-demo/internal/processor/processor.go:79.40,81.3 1 1
ebpf-edr-demo/internal/processor/processor.go:82.2,82.18 1 1
ebpf-edr-demo/internal/processor/processor.go:87.29,89.2 1 1
ebpf-edr-demo/internal/processor/processor.go:93.31,95.2 1 1
