mode: set
ebpf-edr-demo/internal/config/config.go:57.21,65.32 2 0
ebpf-edr-demo/internal/config/config.go:65.32,66.45 1 0
ebpf-edr-demo/internal/config/config.go:66.45,67.9 1 0
ebpf-edr-demo/internal/config/config.go:68.9,68.33 1 0
ebpf-edr-demo/internal/config/config.go:68.33,70.4 1 0
ebpf-edr-demo/internal/config/config.go:73.2,74.24 2 0
ebpf-edr-demo/internal/config/config.go:74.24,76.3 1 0
ebpf-edr-demo/internal/config/config.go:78.2,84.3 1 0
ebpf-edr-demo/internal/processor/processor.go:73.95,75.2 1 0
ebpf-edr-demo/internal/processor/processor.go:77.92,79.2 1 0
ebpf-edr-demo/internal/processor/processor.go:81.91,83.2 1 0
ebpf-edr-demo/internal/processor/processor.go:90.31,91.40 1 1
ebpf-edr-demo/internal/processor/processor.go:91.40,93.3 1 1
ebpf-edr-demo/internal/processor/processor.go:94.2,94.18 1 1
ebpf-edr-demo/internal/processor/processor.go:99.29,101.2 1 1
ebpf-edr-demo/internal/processor/processor.go:105.31,107.2 1 1
ebpf-edr-demo/internal/alert/alert.go:71.40,73.2 1 1
ebpf-edr-demo/internal/alert/alert.go:76.33,78.31 2 1
ebpf-edr-demo/internal/alert/alert.go:78.31,79.44 1 1
ebpf-edr-demo/internal/alert/alert.go:79.44,81.4 1 0
ebpf-edr-demo/internal/alert/alert.go:86.27,87.31 1 1
ebpf-edr-demo/internal/alert/alert.go:87.31,88.38 1 1
ebpf-edr-demo/internal/alert/alert.go:88.38,90.4 1 0
ebpf-edr-demo/pkg/detector/ancestry_cache.go:44.40,46.2 1 0
ebpf-edr-demo/pkg/detector/ancestry_cache.go:54.37,56.16 2 0
ebpf-edr-demo/pkg/detector/ancestry_cache.go:56.16,59.3 2 0
ebpf-edr-demo/pkg/detector/ancestry_cache.go:60.2,61.32 2 0
ebpf-edr-demo/pkg/detector/ancestry_cache.go:61.32,62.21 1 0
ebpf-edr-demo/pkg/detector/ancestry_cache.go:62.21,63.12 1 0
ebpf-edr-demo/pkg/detector/ancestry_cache.go:65.3,66.17 2 0
ebpf-edr-demo/pkg/detector/ancestry_cache.go:66.17,67.12 1 0
ebpf-edr-demo/pkg/detector/ancestry_cache.go:69.3,71.17 3 0
ebpf-edr-demo/pkg/detector/ancestry_cache.go:71.17,72.12 1 0
ebpf-edr-demo/pkg/detector/ancestry_cache.go:74.3,75.11 2 0
ebpf-edr-demo/pkg/detector/ancestry_cache.go:77.2,77.78 1 0
ebpf-edr-demo/pkg/detector/ancestry_cache.go:81.34,83.16 2 0
ebpf-edr-demo/pkg/detector/ancestry_cache.go:83.16,85.3 1 0
ebpf-edr-demo/pkg/detector/ancestry_cache.go:88.2,88.57 1 0
ebpf-edr-demo/pkg/detector/ancestry_cache.go:88.57,89.39 1 0
ebpf-edr-demo/pkg/detector/ancestry_cache.go:89.39,91.24 2 0
ebpf-edr-demo/pkg/detector/ancestry_cache.go:91.24,92.67 1 0
ebpf-edr-demo/pkg/detector/ancestry_cache.go:92.67,94.6 1 0
ebpf-edr-demo/pkg/detector/ancestry_cache.go:96.4,96.9 1 0
ebpf-edr-demo/pkg/detector/ancestry_cache.go:99.2,99.10 1 0
ebpf-edr-demo/pkg/detector/ancestry_cache.go:105.67,108.42 3 0
ebpf-edr-demo/pkg/detector/ancestry_cache.go:108.42,110.3 1 0
ebpf-edr-demo/pkg/detector/ancestry_cache.go:111.2,112.15 2 0
ebpf-edr-demo/pkg/detector/ancestry_cache.go:116.66,120.8 4 0
ebpf-edr-demo/pkg/detector/ancestry_cache.go:120.8,122.3 1 0
ebpf-edr-demo/pkg/detector/ancestry_cache.go:122.8,124.3 1 0
ebpf-edr-demo/pkg/detector/ancestry_cache.go:125.2,125.14 1 0
ebpf-edr-demo/pkg/detector/ancestry_cache.go:133.33,137.32 4 0
ebpf-edr-demo/pkg/detector/ancestry_cache.go:137.32,138.34 1 0
ebpf-edr-demo/pkg/detector/ancestry_cache.go:138.34,139.12 1 0
ebpf-edr-demo/pkg/detector/ancestry_cache.go:141.3,141.24 1 0
ebpf-edr-demo/pkg/detector/ancestry_cache.go:141.24,144.12 3 0
ebpf-edr-demo/pkg/detector/ancestry_cache.go:146.3,146.25 1 0
ebpf-edr-demo/pkg/detector/ancestry_cache.go:148.2,150.111 3 0
ebpf-edr-demo/pkg/detector/ancestry_cache.go:154.36,157.2 2 0
ebpf-edr-demo/pkg/detector/ancestry_cache.go:160.55,161.32 1 0
ebpf-edr-demo/pkg/detector/ancestry_cache.go:161.32,162.33 1 0
ebpf-edr-demo/pkg/detector/ancestry_cache.go:162.33,164.4 1 0
ebpf-edr-demo/pkg/detector/ancestry_cache.go:173.52,174.94 1 0
ebpf-edr-demo/pkg/detector/ancestry_cache.go:174.94,176.3 1 0
ebpf-edr-demo/pkg/detector/ancestry_cache.go:177.2,177.29 1 0
ebpf-edr-demo/pkg/detector/ancestry_cache.go:177.29,178.42 1 0
ebpf-edr-demo/pkg/detector/ancestry_cache.go:178.42,179.9 1 0
ebpf-edr-demo/pkg/detector/ancestry_cache.go:181.3,181.25 1 0
ebpf-edr-demo/pkg/detector/network_init.go:21.13,29.4 1 1
ebpf-edr-demo/pkg/detector/network_init.go:29.4,32.3 2 1
ebpf-edr-demo/pkg/detector/network_init.go:36.2,36.70 1 1
ebpf-edr-demo/pkg/detector/network_init.go:36.70,37.51 1 0
ebpf-edr-demo/pkg/detector/network_init.go:37.51,40.4 2 0
ebpf-edr-demo/pkg/detector/network_init.go:52.26,53.42 1 0
ebpf-edr-demo/pkg/detector/network_init.go:53.42,54.51 1 0
ebpf-edr-demo/pkg/detector/network_init.go:54.51,56.4 1 0
ebpf-edr-demo/pkg/detector/network_init.go:62.30,66.16 3 0
ebpf-edr-demo/pkg/detector/network_init.go:66.16,68.3 1 0
ebpf-edr-demo/pkg/detector/network_init.go:69.2,72.16 3 0
ebpf-edr-demo/pkg/detector/network_init.go:72.16,75.3 1 0
ebpf-edr-demo/pkg/detector/network_init.go:76.2,78.38 2 0
ebpf-edr-demo/pkg/detector/network_init.go:78.38,80.3 1 0
ebpf-edr-demo/pkg/detector/network_init.go:82.2,83.16 2 0
ebpf-edr-demo/pkg/detector/network_init.go:83.16,85.3 1 0
ebpf-edr-demo/pkg/detector/network_init.go:87.2,88.21 2 0
ebpf-edr-demo/pkg/detector/network_init.go:88.21,90.59 2 0
ebpf-edr-demo/pkg/detector/network_init.go:90.59,94.4 3 0
ebpf-edr-demo/pkg/detector/network_init.go:96.2,96.11 1 0
ebpf-edr-demo/pkg/detector/response.go:20.52,22.2 1 0
ebpf-edr-demo/pkg/detector/response.go:27.79,28.16 1 0
ebpf-edr-demo/pkg/detector/response.go:29.31,31.33 2 0
ebpf-edr-demo/pkg/detector/response.go:32.27,33.19 1 0
ebpf-edr-demo/pkg/detector/response.go:33.19,35.4 1 0
ebpf-edr-demo/pkg/detector/response.go:36.3,36.26 1 0
ebpf-edr-demo/pkg/detector/response.go:39.2,39.25 1 0
ebpf-edr-demo/pkg/detector/response.go:46.34,48.14 2 0
ebpf-edr-demo/pkg/detector/response.go:48.14,50.3 1 0
ebpf-edr-demo/pkg/detector/response.go:51.2,51.59 1 0
ebpf-edr-demo/pkg/detector/response.go:51.59,54.3 2 0
ebpf-edr-demo/pkg/detector/response.go:55.2,55.94 1 0
ebpf-edr-demo/pkg/detector/response.go:74.50,75.25 1 0
ebpf-edr-demo/pkg/detector/response.go:75.25,78.3 2 0
ebpf-edr-demo/pkg/detector/response.go:79.2,80.15 2 0
ebpf-edr-demo/pkg/detector/response.go:80.15,83.3 2 0
ebpf-edr-demo/pkg/detector/response.go:86.2,92.56 4 0
ebpf-edr-demo/pkg/detector/response.go:92.56,95.3 2 0
ebpf-edr-demo/pkg/detector/response.go:96.2,97.13 2 0
ebpf-edr-demo/pkg/detector/yaml_detector.go:66.38,71.2 1 1
ebpf-edr-demo/pkg/detector/yaml_detector.go:74.53,75.15 1 1
ebpf-edr-demo/pkg/detector/yaml_detector.go:75.15,77.3 1 0
ebpf-edr-demo/pkg/detector/yaml_detector.go:78.2,78.71 1 1
ebpf-edr-demo/pkg/detector/yaml_detector.go:78.71,80.3 1 1
ebpf-edr-demo/pkg/detector/yaml_detector.go:81.2,81.66 1 1
ebpf-edr-demo/pkg/detector/yaml_detector.go:81.66,83.3 1 1
ebpf-edr-demo/pkg/detector/yaml_detector.go:84.2,84.71 1 1
ebpf-edr-demo/pkg/detector/yaml_detector.go:84.71,86.3 1 1
ebpf-edr-demo/pkg/detector/yaml_detector.go:87.2,87.75 1 1
ebpf-edr-demo/pkg/detector/yaml_detector.go:87.75,89.3 1 1
ebpf-edr-demo/pkg/detector/yaml_detector.go:90.2,90.75 1 1
ebpf-edr-demo/pkg/detector/yaml_detector.go:90.75,92.3 1 1
ebpf-edr-demo/pkg/detector/yaml_detector.go:93.2,93.57 1 1
ebpf-edr-demo/pkg/detector/yaml_detector.go:93.57,95.3 1 1
ebpf-edr-demo/pkg/detector/yaml_detector.go:96.2,96.74 1 1
ebpf-edr-demo/pkg/detector/yaml_detector.go:96.74,98.3 1 1
ebpf-edr-demo/pkg/detector/yaml_detector.go:99.2,99.27 1 1
ebpf-edr-demo/pkg/detector/yaml_detector.go:99.27,100.22 1 0
ebpf-edr-demo/pkg/detector/yaml_detector.go:100.22,102.4 1 0
ebpf-edr-demo/pkg/detector/yaml_detector.go:103.3,103.34 1 0
ebpf-edr-demo/pkg/detector/yaml_detector.go:103.34,104.28 1 0
ebpf-edr-demo/pkg/detector/yaml_detector.go:104.28,106.5 1 0
ebpf-edr-demo/pkg/detector/yaml_detector.go:109.2,109.52 1 1
ebpf-edr-demo/pkg/detector/yaml_detector.go:109.52,111.3 1 0
ebpf-edr-demo/pkg/detector/yaml_detector.go:112.2,112.52 1 1
ebpf-edr-demo/pkg/detector/yaml_detector.go:112.52,114.3 1 0
ebpf-edr-demo/pkg/detector/yaml_detector.go:115.2,115.13 1 1
ebpf-edr-demo/pkg/detector/yaml_detector.go:118.48,119.27 1 1
ebpf-edr-demo/pkg/detector/yaml_detector.go:119.27,120.31 1 1
ebpf-edr-demo/pkg/detector/yaml_detector.go:120.31,122.4 1 1
ebpf-edr-demo/pkg/detector/yaml_detector.go:124.2,124.14 1 1
ebpf-edr-demo/pkg/detector/yaml_detector.go:127.53,128.31 1 1
ebpf-edr-demo/pkg/detector/yaml_detector.go:128.31,129.32 1 1
ebpf-edr-demo/pkg/detector/yaml_detector.go:129.32,131.4 1 1
ebpf-edr-demo/pkg/detector/yaml_detector.go:133.2,133.14 1 1
ebpf-edr-demo/pkg/detector/yaml_detector.go:136.53,137.31 1 1
ebpf-edr-demo/pkg/detector/yaml_detector.go:137.31,138.32 1 1
ebpf-edr-demo/pkg/detector/yaml_detector.go:138.32,140.4 1 1
ebpf-edr-demo/pkg/detector/yaml_detector.go:142.2,142.14 1 1
ebpf-edr-demo/pkg/detector/yaml_detector.go:157.58,158.30 1 1
ebpf-edr-demo/pkg/detector/yaml_detector.go:158.30,159.34 1 1
ebpf-edr-demo/pkg/detector/yaml_detector.go:159.34,161.4 1 1
ebpf-edr-demo/pkg/detector/yaml_detector.go:163.2,163.14 1 1
ebpf-edr-demo/pkg/detector/yaml_detector.go:168.55,170.2 1 0
ebpf-edr-demo/pkg/detector/yaml_detector.go:174.92,178.58 3 1
ebpf-edr-demo/pkg/detector/yaml_detector.go:178.58,179.33 1 0
ebpf-edr-demo/pkg/detector/yaml_detector.go:179.33,181.4 1 0
ebpf-edr-demo/pkg/detector/yaml_detector.go:183.2,184.53 2 1
ebpf-edr-demo/pkg/detector/yaml_detector.go:184.53,185.33 1 1
ebpf-edr-demo/pkg/detector/yaml_detector.go:185.33,187.4 1 1
ebpf-edr-demo/pkg/detector/yaml_detector.go:191.2,195.10 5 1
ebpf-edr-demo/pkg/detector/yaml_detector.go:201.90,203.27 2 1
ebpf-edr-demo/pkg/detector/yaml_detector.go:203.27,205.37 2 1
ebpf-edr-demo/pkg/detector/yaml_detector.go:205.37,207.4 1 1
ebpf-edr-demo/pkg/detector/yaml_detector.go:208.3,209.21 2 1
ebpf-edr-demo/pkg/detector/yaml_detector.go:209.21,211.4 1 1
ebpf-edr-demo/pkg/detector/yaml_detector.go:212.3,220.5 1 1
ebpf-edr-demo/pkg/detector/yaml_detector.go:222.2,222.17 1 1
ebpf-edr-demo/pkg/detector/yaml_detector.go:225.73,227.29 2 1
ebpf-edr-demo/pkg/detector/yaml_detector.go:227.29,229.3 1 1
ebpf-edr-demo/pkg/detector/yaml_detector.go:230.2,230.27 1 1
ebpf-edr-demo/pkg/detector/yaml_detector.go:230.27,232.55 2 1
ebpf-edr-demo/pkg/detector/yaml_detector.go:232.55,234.4 1 1
ebpf-edr-demo/pkg/detector/yaml_detector.go:236.2,236.29 1 1
ebpf-edr-demo/pkg/detector/yaml_detector.go:236.29,238.3 1 1
ebpf-edr-demo/pkg/detector/yaml_detector.go:239.2,239.29 1 1
ebpf-edr-demo/pkg/detector/yaml_detector.go:239.29,241.3 1 1
ebpf-edr-demo/pkg/detector/yaml_detector.go:242.2,242.29 1 1
ebpf-edr-demo/pkg/detector/yaml_detector.go:242.29,244.3 1 1
ebpf-edr-demo/pkg/detector/yaml_detector.go:245.2,245.28 1 1
ebpf-edr-demo/pkg/detector/yaml_detector.go:245.28,247.56 2 1
ebpf-edr-demo/pkg/detector/yaml_detector.go:247.56,249.4 1 1
ebpf-edr-demo/pkg/detector/yaml_detector.go:251.2,251.31 1 1
ebpf-edr-demo/pkg/detector/yaml_detector.go:251.31,253.3 1 1
ebpf-edr-demo/pkg/detector/yaml_detector.go:254.2,254.27 1 1
ebpf-edr-demo/pkg/detector/yaml_detector.go:254.27,255.58 1 1
ebpf-edr-demo/pkg/detector/yaml_detector.go:255.58,256.52 1 1
ebpf-edr-demo/pkg/detector/yaml_detector.go:256.52,258.5 1 1
ebpf-edr-demo/pkg/detector/yaml_detector.go:261.2,261.26 1 1
ebpf-edr-demo/pkg/detector/yaml_detector.go:261.26,263.56 2 1
ebpf-edr-demo/pkg/detector/yaml_detector.go:263.56,264.55 1 1
ebpf-edr-demo/pkg/detector/yaml_detector.go:264.55,266.5 1 1
ebpf-edr-demo/pkg/detector/yaml_detector.go:269.2,269.26 1 1
ebpf-edr-demo/pkg/detector/yaml_detector.go:269.26,271.54 2 1
ebpf-edr-demo/pkg/detector/yaml_detector.go:271.54,273.4 1 1
ebpf-edr-demo/pkg/detector/yaml_detector.go:275.2,275.10 1 1
ebpf-edr-demo/pkg/detector/yaml_detector.go:280.79,282.2 1 0
ebpf-edr-demo/pkg/detector/yaml_detector.go:287.59,289.2 1 0
ebpf-edr-demo/pkg/detector/yaml_detector.go:295.71,296.60 1 0
ebpf-edr-demo/pkg/detector/yaml_detector.go:296.60,298.3 1 0
ebpf-edr-demo/pkg/detector/yaml_detector.go:301.2,301.30 1 0
ebpf-edr-demo/pkg/detector/yaml_detector.go:301.30,303.3 1 0
ebpf-edr-demo/pkg/detector/yaml_detector.go:305.2,307.17 2 0
ebpf-edr-demo/pkg/detector/yaml_detector.go:308.33,309.52 1 0
ebpf-edr-demo/pkg/detector/yaml_detector.go:311.30,312.46 1 0
ebpf-edr-demo/pkg/detector/yaml_detector.go:314.29,317.58 3 0
ebpf-edr-demo/pkg/detector/yaml_detector.go:320.2,320.10 1 0
ebpf-edr-demo/pkg/detector/yaml_detector.go:325.61,327.18 2 1
ebpf-edr-demo/pkg/detector/yaml_detector.go:327.18,329.3 1 1
ebpf-edr-demo/pkg/detector/yaml_detector.go:330.2,331.29 2 1
ebpf-edr-demo/pkg/detector/yaml_detector.go:331.29,332.33 1 1
ebpf-edr-demo/pkg/detector/yaml_detector.go:332.33,334.4 1 1
ebpf-edr-demo/pkg/detector/yaml_detector.go:336.2,336.15 1 1
ebpf-edr-demo/pkg/detector/yaml_detector.go:339.56,343.25 3 1
ebpf-edr-demo/pkg/detector/yaml_detector.go:343.25,344.16 1 1
ebpf-edr-demo/pkg/detector/yaml_detector.go:344.16,346.4 1 0
ebpf-edr-demo/pkg/detector/yaml_detector.go:348.2,348.14 1 1
ebpf-edr-demo/pkg/detector/yaml_detector.go:351.64,353.28 1 1
ebpf-edr-demo/pkg/detector/yaml_detector.go:353.28,355.3 1 1
ebpf-edr-demo/pkg/detector/yaml_detector.go:356.2,357.14 2 0
ebpf-edr-demo/pkg/detector/yaml_detector.go:366.72,367.23 1 1
ebpf-edr-demo/pkg/detector/yaml_detector.go:367.23,368.42 1 0
ebpf-edr-demo/pkg/detector/yaml_detector.go:368.42,370.4 1 0
ebpf-edr-demo/pkg/detector/yaml_detector.go:372.2,373.16 2 1
ebpf-edr-demo/pkg/detector/yaml_detector.go:373.16,375.3 1 1
ebpf-edr-demo/pkg/detector/yaml_detector.go:376.2,376.64 1 0
ebpf-edr-demo/pkg/detector/yaml_detector.go:396.57,398.33 2 1
ebpf-edr-demo/pkg/detector/yaml_detector.go:398.33,399.43 1 1
ebpf-edr-demo/pkg/detector/yaml_detector.go:399.43,401.4 1 0
ebpf-edr-demo/pkg/detector/yaml_detector.go:402.3,403.10 2 1
ebpf-edr-demo/pkg/detector/yaml_detector.go:403.10,405.4 1 1
ebpf-edr-demo/pkg/detector/yaml_detector.go:406.3,406.44 1 0
ebpf-edr-demo/pkg/detector/yaml_detector.go:406.44,408.4 1 0
ebpf-edr-demo/pkg/detector/yaml_detector.go:410.3,410.51 1 0
ebpf-edr-demo/pkg/detector/yaml_detector.go:410.51,412.4 1 0
ebpf-edr-demo/pkg/detector/yaml_detector.go:413.3,413.43 1 0
ebpf-edr-demo/pkg/detector/yaml_detector.go:413.43,415.4 1 0
ebpf-edr-demo/pkg/detector/yaml_detector.go:416.3,416.19 1 0
ebpf-edr-demo/pkg/detector/yaml_detector.go:418.2,418.14 1 0
ebpf-edr-demo/pkg/detector/yaml_detector.go:423.66,424.52 1 0
ebpf-edr-demo/pkg/detector/yaml_detector.go:424.52,426.3 1 0
ebpf-edr-demo/pkg/detector/yaml_detector.go:427.2,427.42 1 0
ebpf-edr-demo/pkg/detector/yaml_detector.go:436.68,437.39 1 0
ebpf-edr-demo/pkg/detector/yaml_detector.go:437.39,439.3 1 0
ebpf-edr-demo/pkg/detector/yaml_detector.go:440.2,440.41 1 0
ebpf-edr-demo/pkg/detector/yaml_detector.go:440.41,441.37 1 0
ebpf-edr-demo/pkg/detector/yaml_detector.go:441.37,443.4 1 0
ebpf-edr-demo/pkg/detector/yaml_detector.go:445.2,445.13 1 0
ebpf-edr-demo/pkg/detector/yaml_detector.go:451.58,452.40 1 1
ebpf-edr-demo/pkg/detector/yaml_detector.go:452.40,454.3 1 1
ebpf-edr-demo/pkg/detector/yaml_detector.go:455.2,455.102 1 1
ebpf-edr-demo/pkg/detector/yaml_detector.go:462.75,468.17 4 0
ebpf-edr-demo/pkg/detector/yaml_detector.go:469.33,471.25 2 0
ebpf-edr-demo/pkg/detector/yaml_detector.go:472.30,475.68 3 0
ebpf-edr-demo/pkg/detector/yaml_detector.go:476.29,478.21 2 0
ebpf-edr-demo/pkg/detector/yaml_detector.go:479.10,480.15 1 0
ebpf-edr-demo/pkg/detector/yaml_detector.go:483.2,486.46 2 0
ebpf-edr-demo/pkg/detector/yaml_detector.go:486.46,488.28 1 0
ebpf-edr-demo/pkg/detector/yaml_detector.go:488.28,490.35 2 0
ebpf-edr-demo/pkg/detector/yaml_detector.go:490.35,491.22 1 0
ebpf-edr-demo/pkg/detector/yaml_detector.go:491.22,493.11 2 0
ebpf-edr-demo/pkg/detector/yaml_detector.go:496.4,496.16 1 0
ebpf-edr-demo/pkg/detector/yaml_detector.go:496.16,497.13 1 0
ebpf-edr-demo/pkg/detector/yaml_detector.go:502.3,502.29 1 0
ebpf-edr-demo/pkg/detector/yaml_detector.go:502.29,503.28 1 0
ebpf-edr-demo/pkg/detector/yaml_detector.go:504.16,506.18 1 0
ebpf-edr-demo/pkg/detector/yaml_detector.go:506.18,507.14 1 0
ebpf-edr-demo/pkg/detector/yaml_detector.go:509.26,515.40 1 0
ebpf-edr-demo/pkg/detector/yaml_detector.go:515.40,516.14 1 0
ebpf-edr-demo/pkg/detector/yaml_detector.go:520.5,520.33 1 0
ebpf-edr-demo/pkg/detector/yaml_detector.go:520.33,521.14 1 0
ebpf-edr-demo/pkg/detector/yaml_detector.go:523.12,524.13 1 0
ebpf-edr-demo/pkg/detector/yaml_detector.go:530.3,530.32 1 0
ebpf-edr-demo/pkg/detector/yaml_detector.go:530.32,533.4 1 0
ebpf-edr-demo/pkg/detector/yaml_detector.go:537.3,537.43 1 0
ebpf-edr-demo/pkg/detector/yaml_detector.go:537.43,539.4 1 0
ebpf-edr-demo/pkg/detector/yaml_detector.go:542.3,542.21 1 0
ebpf-edr-demo/pkg/detector/yaml_detector.go:542.21,544.12 1 0
ebpf-edr-demo/pkg/detector/yaml_detector.go:548.3,549.42 2 0
ebpf-edr-demo/pkg/detector/yaml_detector.go:549.42,551.38 1 0
ebpf-edr-demo/pkg/detector/yaml_detector.go:551.38,553.59 1 0
ebpf-edr-demo/pkg/detector/yaml_detector.go:553.59,555.11 2 0
ebpf-edr-demo/pkg/detector/yaml_detector.go:557.10,559.44 1 0
ebpf-edr-demo/pkg/detector/yaml_detector.go:559.44,561.11 2 0
ebpf-edr-demo/pkg/detector/yaml_detector.go:566.3,566.19 1 0
ebpf-edr-demo/pkg/detector/yaml_detector.go:566.19,567.12 1 0
ebpf-edr-demo/pkg/detector/yaml_detector.go:571.3,571.14 1 0
ebpf-edr-demo/pkg/detector/yaml_detector.go:574.2,574.14 1 0
ebpf-edr-demo/pkg/detector/yaml_detector.go:579.113,583.21 2 1
ebpf-edr-demo/pkg/detector/yaml_detector.go:583.21,585.3 1 1
ebpf-edr-demo/pkg/detector/yaml_detector.go:591.2,593.37 3 1
ebpf-edr-demo/pkg/detector/yaml_detector.go:593.37,595.51 2 1
ebpf-edr-demo/pkg/detector/yaml_detector.go:595.51,596.12 1 1
ebpf-edr-demo/pkg/detector/yaml_detector.go:598.3,598.29 1 1
ebpf-edr-demo/pkg/detector/yaml_detector.go:598.29,599.12 1 1
ebpf-edr-demo/pkg/detector/yaml_detector.go:601.3,601.23 1 1
ebpf-edr-demo/pkg/detector/yaml_detector.go:601.23,602.12 1 1
ebpf-edr-demo/pkg/detector/yaml_detector.go:604.3,606.11 3 1
ebpf-edr-demo/pkg/detector/yaml_detector.go:609.2,609.40 1 1
ebpf-edr-demo/pkg/detector/yaml_detector.go:609.40,613.28 1 1
ebpf-edr-demo/pkg/detector/yaml_detector.go:613.28,615.4 1 0
ebpf-edr-demo/pkg/detector/yaml_detector.go:624.3,624.36 1 1
ebpf-edr-demo/pkg/detector/yaml_detector.go:624.36,627.4 1 0
ebpf-edr-demo/pkg/detector/yaml_detector.go:631.3,631.64 1 1
ebpf-edr-demo/pkg/detector/yaml_detector.go:631.64,632.60 1 0
ebpf-edr-demo/pkg/detector/yaml_detector.go:632.60,634.5 1 0
ebpf-edr-demo/pkg/detector/yaml_detector.go:636.3,637.64 2 1
ebpf-edr-demo/pkg/detector/yaml_detector.go:637.64,638.17 1 0
ebpf-edr-demo/pkg/detector/yaml_detector.go:638.17,640.5 1 0
ebpf-edr-demo/pkg/detector/yaml_detector.go:648.3,648.146 1 1
ebpf-edr-demo/pkg/detector/yaml_detector.go:651.2,651.12 1 1
ebpf-edr-demo/pkg/detector/yaml_detector.go:656.107,661.21 3 1
ebpf-edr-demo/pkg/detector/yaml_detector.go:661.21,663.3 1 0
ebpf-edr-demo/pkg/detector/yaml_detector.go:666.2,668.38 3 1
ebpf-edr-demo/pkg/detector/yaml_detector.go:668.38,669.29 1 1
ebpf-edr-demo/pkg/detector/yaml_detector.go:669.29,671.4 1 1
ebpf-edr-demo/pkg/detector/yaml_detector.go:681.2,683.34 3 1
ebpf-edr-demo/pkg/detector/yaml_detector.go:683.34,685.51 2 1
ebpf-edr-demo/pkg/detector/yaml_detector.go:685.51,686.12 1 1
ebpf-edr-demo/pkg/detector/yaml_detector.go:688.3,688.29 1 1
ebpf-edr-demo/pkg/detector/yaml_detector.go:688.29,689.12 1 1
ebpf-edr-demo/pkg/detector/yaml_detector.go:691.3,691.23 1 1
ebpf-edr-demo/pkg/detector/yaml_detector.go:691.23,692.12 1 1
ebpf-edr-demo/pkg/detector/yaml_detector.go:694.3,696.11 3 1
ebpf-edr-demo/pkg/detector/yaml_detector.go:699.2,699.12 1 1
ebpf-edr-demo/pkg/detector/yaml_detector.go:704.133,712.33 4 0
ebpf-edr-demo/pkg/detector/yaml_detector.go:712.33,714.51 2 0
ebpf-edr-demo/pkg/detector/yaml_detector.go:714.51,715.12 1 0
ebpf-edr-demo/pkg/detector/yaml_detector.go:717.3,717.29 1 0
ebpf-edr-demo/pkg/detector/yaml_detector.go:717.29,718.12 1 0
ebpf-edr-demo/pkg/detector/yaml_detector.go:720.3,720.23 1 0
ebpf-edr-demo/pkg/detector/yaml_detector.go:720.23,721.12 1 0
ebpf-edr-demo/pkg/detector/yaml_detector.go:723.3,725.11 3 0
ebpf-edr-demo/pkg/detector/yaml_detector.go:728.2,728.12 1 0
ebpf-edr-demo/pkg/detector/yaml_detector.go:737.147,746.2 1 1
ebpf-edr-demo/pkg/detector/yaml_detector.go:748.143,756.2 1 1
ebpf-edr-demo/pkg/detector/yaml_detector.go:758.158,766.2 1 0
