mode: set
ebpf-edr-demo/internal/config/config.go:50.21,58.32 2 0
ebpf-edr-demo/internal/config/config.go:58.32,59.45 1 0
ebpf-edr-demo/internal/config/config.go:59.45,60.9 1 0
ebpf-edr-demo/internal/config/config.go:61.9,61.33 1 0
ebpf-edr-demo/internal/config/config.go:61.33,63.4 1 0
ebpf-edr-demo/internal/config/config.go:66.2,72.3 1 0
ebpf-edr-demo/pkg/detector/network_init.go:21.13,29.4 1 0
ebpf-edr-demo/pkg/detector/network_init.go:29.4,32.3 2 0
ebpf-edr-demo/pkg/detector/network_init.go:36.2,36.70 1 0
ebpf-edr-demo/pkg/detector/network_init.go:36.70,37.51 1 0
ebpf-edr-demo/pkg/detector/network_init.go:37.51,40.4 2 0
ebpf-edr-demo/pkg/detector/network_init.go:52.26,53.42 1 0
ebpf-edr-demo/pkg/detector/network_init.go:53.42,54.51 1 0
ebpf-edr-demo/pkg/detector/network_init.go:54.51,56.4 1 0
ebpf-edr-demo/pkg/detector/network_init.go:62.30,66.16 3 0
ebpf-edr-demo/pkg/detector/network_init.go:66.16,68.3 1 0
ebpf-edr-demo/pkg/detector/network_init.go:69.2,72.16 3 0
ebpf-edr-demo/pkg/detector/network_init.go:72.16,75.3 1 0
ebpf-edr-demo/pkg/detector/network_init.go:76.2,78.38 2 0
ebpf-edr-demo/pkg/detector/network_init.go:78.38,80.3 1 0
ebpf-edr-demo/pkg/detector/network_init.go:82.2,83.16 2 0
ebpf-edr-demo/pkg/detector/network_init.go:83.16,85.3 1 0
ebpf-edr-demo/pkg/detector/network_init.go:87.2,88.21 2 0
ebpf-edr-demo/pkg/detector/network_init.go:88.21,90.59 2 0
ebpf-edr-demo/pkg/detector/network_init.go:90.59,94.4 3 0
ebpf-edr-demo/pkg/detector/network_init.go:96.2,96.11 1 0
ebpf-edr-demo/pkg/detector/response.go:20.52,22.2 1 0
ebpf-edr-demo/pkg/detector/response.go:27.79,28.16 1 0
ebpf-edr-demo/pkg/detector/response.go:29.31,31.33 2 0
ebpf-edr-demo/pkg/detector/response.go:32.27,33.19 1 0
ebpf-edr-demo/pkg/detector/response.go:33.19,35.4 1 0
ebpf-edr-demo/pkg/detector/response.go:36.3,36.26 1 0
ebpf-edr-demo/pkg/detector/response.go:39.2,39.25 1 0
ebpf-edr-demo/pkg/detector/response.go:46.34,48.14 2 0
ebpf-edr-demo/pkg/detector/response.go:48.14,50.3 1 0
ebpf-edr-demo/pkg/detector/response.go:51.2,51.59 1 0
ebpf-edr-demo/pkg/detector/response.go:51.59,54.3 2 0
ebpf-edr-demo/pkg/detector/response.go:55.2,55.94 1 0
ebpf-edr-demo/pkg/detector/response.go:74.50,75.25 1 0
ebpf-edr-demo/pkg/detector/response.go:75.25,78.3 2 0
ebpf-edr-demo/pkg/detector/response.go:79.2,80.15 2 0
ebpf-edr-demo/pkg/detector/response.go:80.15,83.3 2 0
ebpf-edr-demo/pkg/detector/response.go:86.2,92.56 4 0
ebpf-edr-demo/pkg/detector/response.go:92.56,95.3 2 0
ebpf-edr-demo/pkg/detector/response.go:96.2,97.13 2 0
ebpf-edr-demo/pkg/detector/response_policy.go:50.63,51.34 1 0
ebpf-edr-demo/pkg/detector/response_policy.go:51.34,52.52 1 0
ebpf-edr-demo/pkg/detector/response_policy.go:52.52,54.4 1 0
ebpf-edr-demo/pkg/detector/response_policy.go:56.2,56.25 1 0
ebpf-edr-demo/pkg/detector/response_policy.go:59.38,61.2 1 0
ebpf-edr-demo/pkg/detector/response_policy.go:63.34,64.11 1 0
ebpf-edr-demo/pkg/detector/response_policy.go:65.22,66.11 1 0
ebpf-edr-demo/pkg/detector/response_policy.go:67.18,68.11 1 0
ebpf-edr-demo/pkg/detector/response_policy.go:69.20,70.11 1 0
ebpf-edr-demo/pkg/detector/response_policy.go:72.2,72.10 1 0
ebpf-edr-demo/pkg/detector/yaml_detector.go:26.55,28.2 1 0
ebpf-edr-demo/pkg/detector/yaml_detector.go:33.74,35.2 1 0
ebpf-edr-demo/pkg/detector/yaml_detector.go:41.71,42.60 1 0
ebpf-edr-demo/pkg/detector/yaml_detector.go:42.60,44.3 1 0
ebpf-edr-demo/pkg/detector/yaml_detector.go:46.2,48.17 2 0
ebpf-edr-demo/pkg/detector/yaml_detector.go:49.33,50.52 1 0
ebpf-edr-demo/pkg/detector/yaml_detector.go:52.30,53.46 1 0
ebpf-edr-demo/pkg/detector/yaml_detector.go:55.29,58.58 3 0
ebpf-edr-demo/pkg/detector/yaml_detector.go:61.2,61.10 1 0
ebpf-edr-demo/pkg/detector/yaml_detector.go:66.61,68.18 2 0
ebpf-edr-demo/pkg/detector/yaml_detector.go:68.18,70.3 1 0
ebpf-edr-demo/pkg/detector/yaml_detector.go:71.2,72.29 2 0
ebpf-edr-demo/pkg/detector/yaml_detector.go:72.29,73.33 1 0
ebpf-edr-demo/pkg/detector/yaml_detector.go:73.33,75.4 1 0
ebpf-edr-demo/pkg/detector/yaml_detector.go:77.2,77.15 1 0
ebpf-edr-demo/pkg/detector/yaml_detector.go:80.73,82.25 2 0
ebpf-edr-demo/pkg/detector/yaml_detector.go:82.25,83.33 1 0
ebpf-edr-demo/pkg/detector/yaml_detector.go:83.33,85.4 1 0
ebpf-edr-demo/pkg/detector/yaml_detector.go:87.2,87.14 1 0
ebpf-edr-demo/pkg/detector/yaml_detector.go:90.66,92.31 2 0
ebpf-edr-demo/pkg/detector/yaml_detector.go:92.31,93.23 1 0
ebpf-edr-demo/pkg/detector/yaml_detector.go:93.23,95.4 1 0
ebpf-edr-demo/pkg/detector/yaml_detector.go:97.2,97.14 1 0
ebpf-edr-demo/pkg/detector/yaml_detector.go:100.60,102.32 2 0
ebpf-edr-demo/pkg/detector/yaml_detector.go:102.32,103.39 1 0
ebpf-edr-demo/pkg/detector/yaml_detector.go:103.39,105.4 1 0
ebpf-edr-demo/pkg/detector/yaml_detector.go:107.2,107.14 1 0
ebpf-edr-demo/pkg/detector/yaml_detector.go:110.56,113.30 3 0
ebpf-edr-demo/pkg/detector/yaml_detector.go:113.30,114.16 1 0
ebpf-edr-demo/pkg/detector/yaml_detector.go:114.16,116.4 1 0
ebpf-edr-demo/pkg/detector/yaml_detector.go:118.2,118.14 1 0
ebpf-edr-demo/pkg/detector/yaml_detector.go:121.52,124.30 2 0
ebpf-edr-demo/pkg/detector/yaml_detector.go:124.30,126.17 2 0
ebpf-edr-demo/pkg/detector/yaml_detector.go:126.17,127.12 1 0
ebpf-edr-demo/pkg/detector/yaml_detector.go:129.3,129.21 1 0
ebpf-edr-demo/pkg/detector/yaml_detector.go:129.21,131.4 1 0
ebpf-edr-demo/pkg/detector/yaml_detector.go:133.2,133.14 1 0
ebpf-edr-demo/pkg/detector/yaml_detector.go:138.113,140.37 1 0
ebpf-edr-demo/pkg/detector/yaml_detector.go:140.37,142.3 1 0
ebpf-edr-demo/pkg/detector/yaml_detector.go:144.2,148.36 3 0
ebpf-edr-demo/pkg/detector/yaml_detector.go:148.36,149.38 1 0
ebpf-edr-demo/pkg/detector/yaml_detector.go:149.38,151.4 1 0
ebpf-edr-demo/pkg/detector/yaml_detector.go:154.2,154.27 1 0
ebpf-edr-demo/pkg/detector/yaml_detector.go:154.27,156.3 1 0
ebpf-edr-demo/pkg/detector/yaml_detector.go:158.2,158.40 1 0
ebpf-edr-demo/pkg/detector/yaml_detector.go:158.40,169.42 6 0
ebpf-edr-demo/pkg/detector/yaml_detector.go:169.42,171.60 1 0
ebpf-edr-demo/pkg/detector/yaml_detector.go:171.60,173.5 1 0
ebpf-edr-demo/pkg/detector/yaml_detector.go:176.3,176.36 1 0
ebpf-edr-demo/pkg/detector/yaml_detector.go:176.36,177.17 1 0
ebpf-edr-demo/pkg/detector/yaml_detector.go:177.17,179.5 1 0
ebpf-edr-demo/pkg/detector/yaml_detector.go:183.3,183.48 1 0
ebpf-edr-demo/pkg/detector/yaml_detector.go:183.48,184.31 1 0
ebpf-edr-demo/pkg/detector/yaml_detector.go:184.31,185.18 1 0
ebpf-edr-demo/pkg/detector/yaml_detector.go:185.18,187.6 1 0
ebpf-edr-demo/pkg/detector/yaml_detector.go:192.3,192.33 1 0
ebpf-edr-demo/pkg/detector/yaml_detector.go:192.33,193.17 1 0
ebpf-edr-demo/pkg/detector/yaml_detector.go:193.17,195.5 1 0
ebpf-edr-demo/pkg/detector/yaml_detector.go:199.3,199.151 1 0
ebpf-edr-demo/pkg/detector/yaml_detector.go:202.2,202.46 1 0
ebpf-edr-demo/pkg/detector/yaml_detector.go:202.46,204.3 1 0
ebpf-edr-demo/pkg/detector/yaml_detector.go:206.2,206.44 1 0
ebpf-edr-demo/pkg/detector/yaml_detector.go:206.44,208.3 1 0
ebpf-edr-demo/pkg/detector/yaml_detector.go:210.2,210.51 1 0
ebpf-edr-demo/pkg/detector/yaml_detector.go:210.51,212.3 1 0
ebpf-edr-demo/pkg/detector/yaml_detector.go:214.2,214.12 1 0
ebpf-edr-demo/pkg/detector/yaml_detector.go:219.107,224.38 4 0
ebpf-edr-demo/pkg/detector/yaml_detector.go:224.38,225.16 1 0
ebpf-edr-demo/pkg/detector/yaml_detector.go:225.16,227.4 1 0
ebpf-edr-demo/pkg/detector/yaml_detector.go:231.2,231.37 1 0
ebpf-edr-demo/pkg/detector/yaml_detector.go:231.37,233.43 2 0
ebpf-edr-demo/pkg/detector/yaml_detector.go:233.43,234.43 1 0
ebpf-edr-demo/pkg/detector/yaml_detector.go:234.43,236.5 1 0
ebpf-edr-demo/pkg/detector/yaml_detector.go:238.3,238.13 1 0
ebpf-edr-demo/pkg/detector/yaml_detector.go:242.2,243.41 2 0
ebpf-edr-demo/pkg/detector/yaml_detector.go:243.41,244.78 1 0
ebpf-edr-demo/pkg/detector/yaml_detector.go:244.78,246.4 1 0
ebpf-edr-demo/pkg/detector/yaml_detector.go:250.2,251.36 2 0
ebpf-edr-demo/pkg/detector/yaml_detector.go:251.36,252.42 1 0
ebpf-edr-demo/pkg/detector/yaml_detector.go:252.42,254.4 1 0
ebpf-edr-demo/pkg/detector/yaml_detector.go:258.2,259.35 2 0
ebpf-edr-demo/pkg/detector/yaml_detector.go:259.35,260.40 1 0
ebpf-edr-demo/pkg/detector/yaml_detector.go:260.40,262.4 1 0
ebpf-edr-demo/pkg/detector/yaml_detector.go:266.2,267.38 2 0
ebpf-edr-demo/pkg/detector/yaml_detector.go:267.38,268.42 1 0
ebpf-edr-demo/pkg/detector/yaml_detector.go:268.42,270.4 1 0
ebpf-edr-demo/pkg/detector/yaml_detector.go:274.2,275.40 2 0
ebpf-edr-demo/pkg/detector/yaml_detector.go:275.40,276.42 1 0
ebpf-edr-demo/pkg/detector/yaml_detector.go:276.42,277.53 1 0
ebpf-edr-demo/pkg/detector/yaml_detector.go:277.53,278.13 1 0
ebpf-edr-demo/pkg/detector/yaml_detector.go:280.4,280.135 1 0
ebpf-edr-demo/pkg/detector/yaml_detector.go:285.2,286.38 2 0
ebpf-edr-demo/pkg/detector/yaml_detector.go:286.38,287.42 1 0
ebpf-edr-demo/pkg/detector/yaml_detector.go:287.42,289.4 1 0
ebpf-edr-demo/pkg/detector/yaml_detector.go:293.2,294.37 2 0
ebpf-edr-demo/pkg/detector/yaml_detector.go:294.37,295.42 1 0
ebpf-edr-demo/pkg/detector/yaml_detector.go:295.42,297.4 1 0
ebpf-edr-demo/pkg/detector/yaml_detector.go:301.2,302.35 2 0
ebpf-edr-demo/pkg/detector/yaml_detector.go:302.35,303.42 1 0
ebpf-edr-demo/pkg/detector/yaml_detector.go:303.42,305.4 1 0
ebpf-edr-demo/pkg/detector/yaml_detector.go:309.2,310.41 2 0
ebpf-edr-demo/pkg/detector/yaml_detector.go:310.41,311.42 1 0
ebpf-edr-demo/pkg/detector/yaml_detector.go:311.42,313.4 1 0
ebpf-edr-demo/pkg/detector/yaml_detector.go:316.2,316.12 1 0
ebpf-edr-demo/pkg/detector/yaml_detector.go:321.133,322.37 1 0
ebpf-edr-demo/pkg/detector/yaml_detector.go:322.37,324.3 1 0
ebpf-edr-demo/pkg/detector/yaml_detector.go:326.2,326.23 1 0
ebpf-edr-demo/pkg/detector/yaml_detector.go:326.23,328.3 1 0
ebpf-edr-demo/pkg/detector/yaml_detector.go:330.2,335.49 4 0
ebpf-edr-demo/pkg/detector/yaml_detector.go:335.49,336.16 1 0
ebpf-edr-demo/pkg/detector/yaml_detector.go:336.16,338.4 1 0
ebpf-edr-demo/pkg/detector/yaml_detector.go:342.2,342.58 1 0
ebpf-edr-demo/pkg/detector/yaml_detector.go:342.58,343.28 1 0
ebpf-edr-demo/pkg/detector/yaml_detector.go:343.28,345.4 1 0
ebpf-edr-demo/pkg/detector/yaml_detector.go:348.2,359.3 1 0
ebpf-edr-demo/pkg/detector/yaml_detector.go:364.147,370.2 1 0
ebpf-edr-demo/pkg/detector/yaml_detector.go:372.143,378.2 1 0
ebpf-edr-demo/internal/alert/alert.go:61.40,63.2 1 1
ebpf-edr-demo/internal/alert/alert.go:66.33,68.31 2 1
ebpf-edr-demo/internal/alert/alert.go:68.31,69.44 1 1
ebpf-edr-demo/internal/alert/alert.go:69.44,71.4 1 0
ebpf-edr-demo/internal/alert/alert.go:76.27,77.31 1 1
ebpf-edr-demo/internal/alert/alert.go:77.31,78.38 1 1
ebpf-edr-demo/internal/alert/alert.go:78.38,80.4 1 0
ebpf-edr-demo/internal/processor/processor.go:78.31,79.40 1 1
ebpf-edr-demo/internal/processor/processor.go:79.40,81.3 1 1
ebpf-edr-demo/internal/processor/processor.go:82.2,82.18 1 1
ebpf-edr-demo/internal/processor/processor.go:87.29,89.2 1 1
ebpf-edr-demo/internal/processor/processor.go:93.31,95.2 1 1
