mode: set
ebpf-edr-demo/internal/config/config.go:27.21,30.63 1 0
ebpf-edr-demo/internal/config/config.go:30.63,32.3 1 0
ebpf-edr-demo/internal/config/config.go:34.2,40.3 1 0
ebpf-edr-demo/internal/processor/processor.go:78.31,79.40 1 1
ebpf-edr-demo/internal/processor/processor.go:79.40,81.3 1 1
ebpf-edr-demo/internal/processor/processor.go:82.2,82.18 1 1
ebpf-edr-demo/internal/processor/processor.go:87.29,89.2 1 1
ebpf-edr-demo/internal/processor/processor.go:93.31,95.2 1 1
ebpf-edr-demo/internal/alert/alert.go:52.40,54.2 1 1
ebpf-edr-demo/internal/alert/alert.go:57.33,59.31 2 1
ebpf-edr-demo/internal/alert/alert.go:59.31,60.44 1 1
ebpf-edr-demo/internal/alert/alert.go:60.44,62.4 1 0
ebpf-edr-demo/internal/alert/alert.go:67.27,68.31 1 1
ebpf-edr-demo/internal/alert/alert.go:68.31,69.38 1 1
ebpf-edr-demo/internal/alert/alert.go:69.38,71.4 1 0
ebpf-edr-demo/pkg/detector/policy.go:229.40,231.2 1 1
ebpf-edr-demo/pkg/detector/policy.go:236.13,242.4 1 1
ebpf-edr-demo/pkg/detector/policy.go:242.4,245.3 2 1
ebpf-edr-demo/pkg/detector/policy.go:249.2,249.70 1 1
ebpf-edr-demo/pkg/detector/policy.go:249.70,250.51 1 0
ebpf-edr-demo/pkg/detector/policy.go:250.51,253.4 2 0
ebpf-edr-demo/pkg/detector/policy.go:260.2,260.42 1 1
ebpf-edr-demo/pkg/detector/policy.go:260.42,261.51 1 0
ebpf-edr-demo/pkg/detector/policy.go:261.51,263.4 1 0
ebpf-edr-demo/pkg/detector/policy.go:269.30,273.16 3 1
ebpf-edr-demo/pkg/detector/policy.go:273.16,275.3 1 0
ebpf-edr-demo/pkg/detector/policy.go:276.2,279.16 3 1
ebpf-edr-demo/pkg/detector/policy.go:279.16,282.3 1 1
ebpf-edr-demo/pkg/detector/policy.go:283.2,285.38 2 0
ebpf-edr-demo/pkg/detector/policy.go:285.38,287.3 1 0
ebpf-edr-demo/pkg/detector/policy.go:289.2,290.16 2 0
ebpf-edr-demo/pkg/detector/policy.go:290.16,292.3 1 0
ebpf-edr-demo/pkg/detector/policy.go:294.2,295.21 2 0
ebpf-edr-demo/pkg/detector/policy.go:295.21,297.59 2 0
ebpf-edr-demo/pkg/detector/policy.go:297.59,301.4 3 0
ebpf-edr-demo/pkg/detector/policy.go:303.2,303.11 1 0
ebpf-edr-demo/pkg/detector/response.go:20.52,22.2 1 0
ebpf-edr-demo/pkg/detector/response.go:27.83,28.16 1 0
ebpf-edr-demo/pkg/detector/response.go:29.25,31.27 2 0
ebpf-edr-demo/pkg/detector/response.go:32.21,33.19 1 0
ebpf-edr-demo/pkg/detector/response.go:33.19,35.4 1 0
ebpf-edr-demo/pkg/detector/response.go:36.3,36.20 1 0
ebpf-edr-demo/pkg/detector/response.go:39.2,39.19 1 0
ebpf-edr-demo/pkg/detector/response.go:46.34,48.14 2 0
ebpf-edr-demo/pkg/detector/response.go:48.14,50.3 1 0
ebpf-edr-demo/pkg/detector/response.go:51.2,51.59 1 0
ebpf-edr-demo/pkg/detector/response.go:51.59,54.3 2 0
ebpf-edr-demo/pkg/detector/response.go:55.2,55.94 1 0
ebpf-edr-demo/pkg/detector/response.go:74.50,75.25 1 0
ebpf-edr-demo/pkg/detector/response.go:75.25,78.3 2 0
ebpf-edr-demo/pkg/detector/response.go:79.2,80.15 2 0
ebpf-edr-demo/pkg/detector/response.go:80.15,83.3 2 0
ebpf-edr-demo/pkg/detector/response.go:86.2,92.56 4 0
ebpf-edr-demo/pkg/detector/response.go:92.56,95.3 2 0
ebpf-edr-demo/pkg/detector/response.go:96.2,97.13 2 0
ebpf-edr-demo/pkg/detector/response_policy.go:58.65,59.34 1 0
ebpf-edr-demo/pkg/detector/response_policy.go:59.34,60.52 1 0
ebpf-edr-demo/pkg/detector/response_policy.go:60.52,62.4 1 0
ebpf-edr-demo/pkg/detector/response_policy.go:64.2,64.19 1 0
ebpf-edr-demo/pkg/detector/response_policy.go:67.38,69.2 1 0
ebpf-edr-demo/pkg/detector/response_policy.go:71.34,72.11 1 0
ebpf-edr-demo/pkg/detector/response_policy.go:73.22,74.11 1 0
ebpf-edr-demo/pkg/detector/response_policy.go:75.18,76.11 1 0
ebpf-edr-demo/pkg/detector/response_policy.go:77.20,78.11 1 0
ebpf-edr-demo/pkg/detector/response_policy.go:80.2,80.10 1 0
ebpf-edr-demo/pkg/detector/rules.go:21.38,21.64 1 1
ebpf-edr-demo/pkg/detector/rules.go:24.72,25.51 1 1
ebpf-edr-demo/pkg/detector/rules.go:25.51,27.3 1 1
ebpf-edr-demo/pkg/detector/rules.go:29.2,31.17 2 1
ebpf-edr-demo/pkg/detector/rules.go:32.33,33.50 1 1
ebpf-edr-demo/pkg/detector/rules.go:35.30,36.44 1 1
ebpf-edr-demo/pkg/detector/rules.go:38.29,41.56 3 1
ebpf-edr-demo/pkg/detector/rules.go:44.2,44.14 1 1
ebpf-edr-demo/pkg/detector/rules.go:44.14,46.3 1 1
ebpf-edr-demo/pkg/detector/rules.go:48.2,48.26 1 1
ebpf-edr-demo/pkg/detector/rules.go:53.53,54.25 1 1
ebpf-edr-demo/pkg/detector/rules.go:54.25,55.33 1 1
ebpf-edr-demo/pkg/detector/rules.go:55.33,57.4 1 1
ebpf-edr-demo/pkg/detector/rules.go:59.2,59.14 1 1
ebpf-edr-demo/pkg/detector/rules.go:62.48,63.49 1 1
ebpf-edr-demo/pkg/detector/rules.go:63.49,64.26 1 1
ebpf-edr-demo/pkg/detector/rules.go:64.26,66.4 1 0
ebpf-edr-demo/pkg/detector/rules.go:68.2,68.14 1 1
ebpf-edr-demo/pkg/detector/rules.go:71.42,72.39 1 1
ebpf-edr-demo/pkg/detector/rules.go:72.39,73.39 1 1
ebpf-edr-demo/pkg/detector/rules.go:73.39,75.4 1 1
ebpf-edr-demo/pkg/detector/rules.go:77.2,77.14 1 1
ebpf-edr-demo/pkg/detector/rules.go:80.38,82.34 2 1
ebpf-edr-demo/pkg/detector/rules.go:82.34,83.16 1 1
ebpf-edr-demo/pkg/detector/rules.go:83.16,85.4 1 1
ebpf-edr-demo/pkg/detector/rules.go:87.2,87.14 1 1
ebpf-edr-demo/pkg/detector/rules.go:90.34,91.32 1 1
ebpf-edr-demo/pkg/detector/rules.go:91.32,92.21 1 1
ebpf-edr-demo/pkg/detector/rules.go:92.21,94.4 1 1
ebpf-edr-demo/pkg/detector/rules.go:96.2,96.14 1 1
ebpf-edr-demo/pkg/detector/rules.go:99.147,105.2 1 1
ebpf-edr-demo/pkg/detector/rules.go:107.143,113.2 1 1
ebpf-edr-demo/pkg/detector/rules.go:117.95,121.37 2 1
ebpf-edr-demo/pkg/detector/rules.go:121.37,123.3 1 1
ebpf-edr-demo/pkg/detector/rules.go:128.2,128.48 1 1
ebpf-edr-demo/pkg/detector/rules.go:128.48,129.38 1 1
ebpf-edr-demo/pkg/detector/rules.go:129.38,131.4 1 1
ebpf-edr-demo/pkg/detector/rules.go:134.2,134.25 1 1
ebpf-edr-demo/pkg/detector/rules.go:134.25,136.3 1 1
ebpf-edr-demo/pkg/detector/rules.go:138.2,138.40 1 1
ebpf-edr-demo/pkg/detector/rules.go:138.40,140.45 2 1
ebpf-edr-demo/pkg/detector/rules.go:140.45,141.17 1 1
ebpf-edr-demo/pkg/detector/rules.go:141.17,143.5 1 0
ebpf-edr-demo/pkg/detector/rules.go:145.3,145.151 1 1
ebpf-edr-demo/pkg/detector/rules.go:148.2,148.40 1 1
ebpf-edr-demo/pkg/detector/rules.go:148.40,150.3 1 1
ebpf-edr-demo/pkg/detector/rules.go:152.2,152.42 1 1
ebpf-edr-demo/pkg/detector/rules.go:152.42,154.3 1 1
ebpf-edr-demo/pkg/detector/rules.go:157.2,157.50 1 1
ebpf-edr-demo/pkg/detector/rules.go:157.50,159.3 1 1
ebpf-edr-demo/pkg/detector/rules.go:161.2,161.12 1 1
ebpf-edr-demo/pkg/detector/rules.go:166.89,170.38 3 1
ebpf-edr-demo/pkg/detector/rules.go:170.38,171.16 1 1
ebpf-edr-demo/pkg/detector/rules.go:171.16,173.4 1 1
ebpf-edr-demo/pkg/detector/rules.go:177.2,177.37 1 1
ebpf-edr-demo/pkg/detector/rules.go:177.37,178.46 1 1
ebpf-edr-demo/pkg/detector/rules.go:178.46,179.43 1 1
ebpf-edr-demo/pkg/detector/rules.go:179.43,181.5 1 1
ebpf-edr-demo/pkg/detector/rules.go:183.3,183.13 1 1
ebpf-edr-demo/pkg/detector/rules.go:187.2,187.49 1 1
ebpf-edr-demo/pkg/detector/rules.go:187.49,188.76 1 1
ebpf-edr-demo/pkg/detector/rules.go:188.76,190.4 1 1
ebpf-edr-demo/pkg/detector/rules.go:194.2,194.52 1 1
ebpf-edr-demo/pkg/detector/rules.go:194.52,195.42 1 1
ebpf-edr-demo/pkg/detector/rules.go:195.42,197.4 1 1
ebpf-edr-demo/pkg/detector/rules.go:201.2,201.48 1 1
ebpf-edr-demo/pkg/detector/rules.go:201.48,202.40 1 1
ebpf-edr-demo/pkg/detector/rules.go:202.40,204.4 1 1
ebpf-edr-demo/pkg/detector/rules.go:208.2,208.53 1 1
ebpf-edr-demo/pkg/detector/rules.go:208.53,209.42 1 1
ebpf-edr-demo/pkg/detector/rules.go:209.42,211.4 1 1
ebpf-edr-demo/pkg/detector/rules.go:215.2,215.49 1 1
ebpf-edr-demo/pkg/detector/rules.go:215.49,216.42 1 1
ebpf-edr-demo/pkg/detector/rules.go:216.42,217.51 1 1
ebpf-edr-demo/pkg/detector/rules.go:217.51,218.13 1 1
ebpf-edr-demo/pkg/detector/rules.go:220.4,220.135 1 1
ebpf-edr-demo/pkg/detector/rules.go:225.2,225.53 1 1
ebpf-edr-demo/pkg/detector/rules.go:225.53,226.42 1 1
ebpf-edr-demo/pkg/detector/rules.go:226.42,228.4 1 1
ebpf-edr-demo/pkg/detector/rules.go:232.2,232.49 1 1
ebpf-edr-demo/pkg/detector/rules.go:232.49,233.42 1 1
ebpf-edr-demo/pkg/detector/rules.go:233.42,235.4 1 1
ebpf-edr-demo/pkg/detector/rules.go:239.2,239.43 1 1
ebpf-edr-demo/pkg/detector/rules.go:239.43,240.42 1 1
ebpf-edr-demo/pkg/detector/rules.go:240.42,242.4 1 1
ebpf-edr-demo/pkg/detector/rules.go:246.2,246.50 1 1
ebpf-edr-demo/pkg/detector/rules.go:246.50,247.42 1 1
ebpf-edr-demo/pkg/detector/rules.go:247.42,249.4 1 1
ebpf-edr-demo/pkg/detector/rules.go:252.2,252.12 1 1
ebpf-edr-demo/pkg/detector/rules.go:257.115,258.37 1 1
ebpf-edr-demo/pkg/detector/rules.go:258.37,260.3 1 1
ebpf-edr-demo/pkg/detector/rules.go:262.2,262.21 1 1
ebpf-edr-demo/pkg/detector/rules.go:262.21,264.3 1 1
ebpf-edr-demo/pkg/detector/rules.go:266.2,270.44 4 1
ebpf-edr-demo/pkg/detector/rules.go:270.44,271.16 1 1
ebpf-edr-demo/pkg/detector/rules.go:271.16,273.4 1 0
ebpf-edr-demo/pkg/detector/rules.go:276.2,276.50 1 1
ebpf-edr-demo/pkg/detector/rules.go:276.50,277.28 1 1
ebpf-edr-demo/pkg/detector/rules.go:277.28,279.4 1 1
ebpf-edr-demo/pkg/detector/rules.go:282.2,293.3 1 1
ebpf-edr-demo/pkg/detector/yaml_detector.go:23.55,25.2 1 0
ebpf-edr-demo/pkg/detector/yaml_detector.go:28.72,29.60 1 0
ebpf-edr-demo/pkg/detector/yaml_detector.go:29.60,31.3 1 0
ebpf-edr-demo/pkg/detector/yaml_detector.go:33.2,35.17 2 0
ebpf-edr-demo/pkg/detector/yaml_detector.go:36.33,37.52 1 0
ebpf-edr-demo/pkg/detector/yaml_detector.go:39.30,40.46 1 0
ebpf-edr-demo/pkg/detector/yaml_detector.go:42.29,45.58 3 0
ebpf-edr-demo/pkg/detector/yaml_detector.go:48.2,48.14 1 0
ebpf-edr-demo/pkg/detector/yaml_detector.go:48.14,50.3 1 0
ebpf-edr-demo/pkg/detector/yaml_detector.go:52.2,52.26 1 0
ebpf-edr-demo/pkg/detector/yaml_detector.go:57.61,59.18 2 0
ebpf-edr-demo/pkg/detector/yaml_detector.go:59.18,61.3 1 0
ebpf-edr-demo/pkg/detector/yaml_detector.go:62.2,63.29 2 0
ebpf-edr-demo/pkg/detector/yaml_detector.go:63.29,64.33 1 0
ebpf-edr-demo/pkg/detector/yaml_detector.go:64.33,66.4 1 0
ebpf-edr-demo/pkg/detector/yaml_detector.go:68.2,68.15 1 0
ebpf-edr-demo/pkg/detector/yaml_detector.go:71.73,73.25 2 0
ebpf-edr-demo/pkg/detector/yaml_detector.go:73.25,74.33 1 0
ebpf-edr-demo/pkg/detector/yaml_detector.go:74.33,76.4 1 0
ebpf-edr-demo/pkg/detector/yaml_detector.go:78.2,78.14 1 0
ebpf-edr-demo/pkg/detector/yaml_detector.go:81.66,83.31 2 0
ebpf-edr-demo/pkg/detector/yaml_detector.go:83.31,84.23 1 0
ebpf-edr-demo/pkg/detector/yaml_detector.go:84.23,86.4 1 0
ebpf-edr-demo/pkg/detector/yaml_detector.go:88.2,88.14 1 0
ebpf-edr-demo/pkg/detector/yaml_detector.go:91.60,93.32 2 0
ebpf-edr-demo/pkg/detector/yaml_detector.go:93.32,94.39 1 0
ebpf-edr-demo/pkg/detector/yaml_detector.go:94.39,96.4 1 0
ebpf-edr-demo/pkg/detector/yaml_detector.go:98.2,98.14 1 0
ebpf-edr-demo/pkg/detector/yaml_detector.go:101.56,104.30 3 0
ebpf-edr-demo/pkg/detector/yaml_detector.go:104.30,105.16 1 0
ebpf-edr-demo/pkg/detector/yaml_detector.go:105.16,107.4 1 0
ebpf-edr-demo/pkg/detector/yaml_detector.go:109.2,109.14 1 0
ebpf-edr-demo/pkg/detector/yaml_detector.go:112.52,115.30 2 0
ebpf-edr-demo/pkg/detector/yaml_detector.go:115.30,117.17 2 0
ebpf-edr-demo/pkg/detector/yaml_detector.go:117.17,118.12 1 0
ebpf-edr-demo/pkg/detector/yaml_detector.go:120.3,120.21 1 0
ebpf-edr-demo/pkg/detector/yaml_detector.go:120.21,122.4 1 0
ebpf-edr-demo/pkg/detector/yaml_detector.go:124.2,124.14 1 0
ebpf-edr-demo/pkg/detector/yaml_detector.go:129.113,133.37 2 0
ebpf-edr-demo/pkg/detector/yaml_detector.go:133.37,135.3 1 0
ebpf-edr-demo/pkg/detector/yaml_detector.go:138.2,139.36 2 0
ebpf-edr-demo/pkg/detector/yaml_detector.go:139.36,140.38 1 0
ebpf-edr-demo/pkg/detector/yaml_detector.go:140.38,142.4 1 0
ebpf-edr-demo/pkg/detector/yaml_detector.go:145.2,145.27 1 0
ebpf-edr-demo/pkg/detector/yaml_detector.go:145.27,147.3 1 0
ebpf-edr-demo/pkg/detector/yaml_detector.go:149.2,149.40 1 0
ebpf-edr-demo/pkg/detector/yaml_detector.go:149.40,152.40 3 0
ebpf-edr-demo/pkg/detector/yaml_detector.go:152.40,153.17 1 0
ebpf-edr-demo/pkg/detector/yaml_detector.go:153.17,155.5 1 0
ebpf-edr-demo/pkg/detector/yaml_detector.go:157.3,157.151 1 0
ebpf-edr-demo/pkg/detector/yaml_detector.go:160.2,160.46 1 0
ebpf-edr-demo/pkg/detector/yaml_detector.go:160.46,162.3 1 0
ebpf-edr-demo/pkg/detector/yaml_detector.go:164.2,164.44 1 0
ebpf-edr-demo/pkg/detector/yaml_detector.go:164.44,166.3 1 0
ebpf-edr-demo/pkg/detector/yaml_detector.go:168.2,168.51 1 0
ebpf-edr-demo/pkg/detector/yaml_detector.go:168.51,170.3 1 0
ebpf-edr-demo/pkg/detector/yaml_detector.go:172.2,172.12 1 0
ebpf-edr-demo/pkg/detector/yaml_detector.go:177.107,182.38 4 0
ebpf-edr-demo/pkg/detector/yaml_detector.go:182.38,183.16 1 0
ebpf-edr-demo/pkg/detector/yaml_detector.go:183.16,185.4 1 0
ebpf-edr-demo/pkg/detector/yaml_detector.go:189.2,189.37 1 0
ebpf-edr-demo/pkg/detector/yaml_detector.go:189.37,191.43 2 0
ebpf-edr-demo/pkg/detector/yaml_detector.go:191.43,192.43 1 0
ebpf-edr-demo/pkg/detector/yaml_detector.go:192.43,194.5 1 0
ebpf-edr-demo/pkg/detector/yaml_detector.go:196.3,196.13 1 0
ebpf-edr-demo/pkg/detector/yaml_detector.go:200.2,201.41 2 0
ebpf-edr-demo/pkg/detector/yaml_detector.go:201.41,202.78 1 0
ebpf-edr-demo/pkg/detector/yaml_detector.go:202.78,204.4 1 0
ebpf-edr-demo/pkg/detector/yaml_detector.go:208.2,209.36 2 0
ebpf-edr-demo/pkg/detector/yaml_detector.go:209.36,210.42 1 0
ebpf-edr-demo/pkg/detector/yaml_detector.go:210.42,212.4 1 0
ebpf-edr-demo/pkg/detector/yaml_detector.go:216.2,217.35 2 0
ebpf-edr-demo/pkg/detector/yaml_detector.go:217.35,218.65 1 0
ebpf-edr-demo/pkg/detector/yaml_detector.go:218.65,220.4 1 0
ebpf-edr-demo/pkg/detector/yaml_detector.go:224.2,225.38 2 0
ebpf-edr-demo/pkg/detector/yaml_detector.go:225.38,226.42 1 0
ebpf-edr-demo/pkg/detector/yaml_detector.go:226.42,228.4 1 0
ebpf-edr-demo/pkg/detector/yaml_detector.go:232.2,233.40 2 0
ebpf-edr-demo/pkg/detector/yaml_detector.go:233.40,234.42 1 0
ebpf-edr-demo/pkg/detector/yaml_detector.go:234.42,235.53 1 0
ebpf-edr-demo/pkg/detector/yaml_detector.go:235.53,236.13 1 0
ebpf-edr-demo/pkg/detector/yaml_detector.go:238.4,238.135 1 0
ebpf-edr-demo/pkg/detector/yaml_detector.go:243.2,244.38 2 0
ebpf-edr-demo/pkg/detector/yaml_detector.go:244.38,245.42 1 0
ebpf-edr-demo/pkg/detector/yaml_detector.go:245.42,247.4 1 0
ebpf-edr-demo/pkg/detector/yaml_detector.go:251.2,252.37 2 0
ebpf-edr-demo/pkg/detector/yaml_detector.go:252.37,253.69 1 0
ebpf-edr-demo/pkg/detector/yaml_detector.go:253.69,255.4 1 0
ebpf-edr-demo/pkg/detector/yaml_detector.go:259.2,260.35 2 0
ebpf-edr-demo/pkg/detector/yaml_detector.go:260.35,261.42 1 0
ebpf-edr-demo/pkg/detector/yaml_detector.go:261.42,263.4 1 0
ebpf-edr-demo/pkg/detector/yaml_detector.go:267.2,268.41 2 0
ebpf-edr-demo/pkg/detector/yaml_detector.go:268.41,269.42 1 0
ebpf-edr-demo/pkg/detector/yaml_detector.go:269.42,271.4 1 0
ebpf-edr-demo/pkg/detector/yaml_detector.go:274.2,274.12 1 0
ebpf-edr-demo/pkg/detector/yaml_detector.go:279.133,280.37 1 0
ebpf-edr-demo/pkg/detector/yaml_detector.go:280.37,282.3 1 0
ebpf-edr-demo/pkg/detector/yaml_detector.go:284.2,284.23 1 0
ebpf-edr-demo/pkg/detector/yaml_detector.go:284.23,286.3 1 0
ebpf-edr-demo/pkg/detector/yaml_detector.go:288.2,293.49 4 0
ebpf-edr-demo/pkg/detector/yaml_detector.go:293.49,294.16 1 0
ebpf-edr-demo/pkg/detector/yaml_detector.go:294.16,296.4 1 0
ebpf-edr-demo/pkg/detector/yaml_detector.go:300.2,300.58 1 0
ebpf-edr-demo/pkg/detector/yaml_detector.go:300.58,301.28 1 0
ebpf-edr-demo/pkg/detector/yaml_detector.go:301.28,303.4 1 0
ebpf-edr-demo/pkg/detector/yaml_detector.go:306.2,317.3 1 0
