mode: set
ebpf-edr-demo/internal/config/config.go:27.21,35.32 2 0
ebpf-edr-demo/internal/config/config.go:35.32,36.45 1 0
ebpf-edr-demo/internal/config/config.go:36.45,37.9 1 0
ebpf-edr-demo/internal/config/config.go:38.9,38.33 1 0
ebpf-edr-demo/internal/config/config.go:38.33,40.4 1 0
ebpf-edr-demo/internal/config/config.go:43.2,49.3 1 0
ebpf-edr-demo/pkg/detector/network_init.go:21.13,29.4 1 0
ebpf-edr-demo/pkg/detector/network_init.go:29.4,32.3 2 0
ebpf-edr-demo/pkg/detector/network_init.go:36.2,36.70 1 0
ebpf-edr-demo/pkg/detector/network_init.go:36.70,37.51 1 0
ebpf-edr-demo/pkg/detector/network_init.go:37.51,40.4 2 0
ebpf-edr-demo/pkg/detector/network_init.go:52.26,53.42 1 0
ebpf-edr-demo/pkg/detector/network_init.go:53.42,54.51 1 0
ebpf-edr-demo/pkg/detector/network_init.go:54.51,56.4 1 0
ebpf-edr-demo/pkg/detector/network_init.go:62.30,66.16 3 0
ebpf-edr-demo/pkg/detector/network_init.go:66.16,68.3 1 0
ebpf-edr-demo/pkg/detector/network_init.go:69.2,72.16 3 0
ebpf-edr-demo/pkg/detector/network_init.go:72.16,75.3 1 0
ebpf-edr-demo/pkg/detector/network_init.go:76.2,78.38 2 0
ebpf-edr-demo/pkg/detector/network_init.go:78.38,80.3 1 0
ebpf-edr-demo/pkg/detector/network_init.go:82.2,83.16 2 0
ebpf-edr-demo/pkg/detector/network_init.go:83.16,85.3 1 0
ebpf-edr-demo/pkg/detector/network_init.go:87.2,88.21 2 0
ebpf-edr-demo/pkg/detector/network_init.go:88.21,90.59 2 0
ebpf-edr-demo/pkg/detector/network_init.go:90.59,94.4 3 0
ebpf-edr-demo/pkg/detector/network_init.go:96.2,96.11 1 0
ebpf-edr-demo/pkg/detector/response.go:20.52,22.2 1 0
ebpf-edr-demo/pkg/detector/response.go:27.83,28.16 1 0
ebpf-edr-demo/pkg/detector/response.go:29.25,31.27 2 0
ebpf-edr-demo/pkg/detector/response.go:32.21,33.19 1 0
ebpf-edr-demo/pkg/detector/response.go:33.19,35.4 1 0
ebpf-edr-demo/pkg/detector/response.go:36.3,36.20 1 0
ebpf-edr-demo/pkg/detector/response.go:39.2,39.19 1 0
ebpf-edr-demo/pkg/detector/response.go:46.34,48.14 2 0
ebpf-edr-demo/pkg/detector/response.go:48.14,50.3 1 0
ebpf-edr-demo/pkg/detector/response.go:51.2,51.59 1 0
ebpf-edr-demo/pkg/detector/response.go:51.59,54.3 2 0
ebpf-edr-demo/pkg/detector/response.go:55.2,55.94 1 0
ebpf-edr-demo/pkg/detector/response.go:74.50,75.25 1 0
ebpf-edr-demo/pkg/detector/response.go:75.25,78.3 2 0
ebpf-edr-demo/pkg/detector/response.go:79.2,80.15 2 0
ebpf-edr-demo/pkg/detector/response.go:80.15,83.3 2 0
ebpf-edr-demo/pkg/detector/response.go:86.2,92.56 4 0
ebpf-edr-demo/pkg/detector/response.go:92.56,95.3 2 0
ebpf-edr-demo/pkg/detector/response.go:96.2,97.13 2 0
ebpf-edr-demo/pkg/detector/response_policy.go:58.65,59.34 1 0
ebpf-edr-demo/pkg/detector/response_policy.go:59.34,60.52 1 0
ebpf-edr-demo/pkg/detector/response_policy.go:60.52,62.4 1 0
ebpf-edr-demo/pkg/detector/response_policy.go:64.2,64.19 1 0
ebpf-edr-demo/pkg/detector/response_policy.go:67.38,69.2 1 0
ebpf-edr-demo/pkg/detector/response_policy.go:71.34,72.11 1 0
ebpf-edr-demo/pkg/detector/response_policy.go:73.22,74.11 1 0
ebpf-edr-demo/pkg/detector/response_policy.go:75.18,76.11 1 0
ebpf-edr-demo/pkg/detector/response_policy.go:77.20,78.11 1 0
ebpf-edr-demo/pkg/detector/response_policy.go:80.2,80.10 1 0
ebpf-edr-demo/pkg/detector/yaml_detector.go:26.55,28.2 1 0
ebpf-edr-demo/pkg/detector/yaml_detector.go:33.74,35.2 1 0
ebpf-edr-demo/pkg/detector/yaml_detector.go:38.72,39.60 1 0
ebpf-edr-demo/pkg/detector/yaml_detector.go:39.60,41.3 1 0
ebpf-edr-demo/pkg/detector/yaml_detector.go:43.2,45.17 2 0
ebpf-edr-demo/pkg/detector/yaml_detector.go:46.33,47.52 1 0
ebpf-edr-demo/pkg/detector/yaml_detector.go:49.30,50.46 1 0
ebpf-edr-demo/pkg/detector/yaml_detector.go:52.29,55.58 3 0
ebpf-edr-demo/pkg/detector/yaml_detector.go:58.2,58.14 1 0
ebpf-edr-demo/pkg/detector/yaml_detector.go:58.14,60.3 1 0
ebpf-edr-demo/pkg/detector/yaml_detector.go:62.2,62.26 1 0
ebpf-edr-demo/pkg/detector/yaml_detector.go:67.61,69.18 2 0
ebpf-edr-demo/pkg/detector/yaml_detector.go:69.18,71.3 1 0
ebpf-edr-demo/pkg/detector/yaml_detector.go:72.2,73.29 2 0
ebpf-edr-demo/pkg/detector/yaml_detector.go:73.29,74.33 1 0
ebpf-edr-demo/pkg/detector/yaml_detector.go:74.33,76.4 1 0
ebpf-edr-demo/pkg/detector/yaml_detector.go:78.2,78.15 1 0
ebpf-edr-demo/pkg/detector/yaml_detector.go:81.73,83.25 2 0
ebpf-edr-demo/pkg/detector/yaml_detector.go:83.25,84.33 1 0
ebpf-edr-demo/pkg/detector/yaml_detector.go:84.33,86.4 1 0
ebpf-edr-demo/pkg/detector/yaml_detector.go:88.2,88.14 1 0
ebpf-edr-demo/pkg/detector/yaml_detector.go:91.66,93.31 2 0
ebpf-edr-demo/pkg/detector/yaml_detector.go:93.31,94.23 1 0
ebpf-edr-demo/pkg/detector/yaml_detector.go:94.23,96.4 1 0
ebpf-edr-demo/pkg/detector/yaml_detector.go:98.2,98.14 1 0
ebpf-edr-demo/pkg/detector/yaml_detector.go:101.60,103.32 2 0
ebpf-edr-demo/pkg/detector/yaml_detector.go:103.32,104.39 1 0
ebpf-edr-demo/pkg/detector/yaml_detector.go:104.39,106.4 1 0
ebpf-edr-demo/pkg/detector/yaml_detector.go:108.2,108.14 1 0
ebpf-edr-demo/pkg/detector/yaml_detector.go:111.56,114.30 3 0
ebpf-edr-demo/pkg/detector/yaml_detector.go:114.30,115.16 1 0
ebpf-edr-demo/pkg/detector/yaml_detector.go:115.16,117.4 1 0
ebpf-edr-demo/pkg/detector/yaml_detector.go:119.2,119.14 1 0
ebpf-edr-demo/pkg/detector/yaml_detector.go:122.52,125.30 2 0
ebpf-edr-demo/pkg/detector/yaml_detector.go:125.30,127.17 2 0
ebpf-edr-demo/pkg/detector/yaml_detector.go:127.17,128.12 1 0
ebpf-edr-demo/pkg/detector/yaml_detector.go:130.3,130.21 1 0
ebpf-edr-demo/pkg/detector/yaml_detector.go:130.21,132.4 1 0
ebpf-edr-demo/pkg/detector/yaml_detector.go:134.2,134.14 1 0
ebpf-edr-demo/pkg/detector/yaml_detector.go:139.113,141.37 1 0
ebpf-edr-demo/pkg/detector/yaml_detector.go:141.37,143.3 1 0
ebpf-edr-demo/pkg/detector/yaml_detector.go:145.2,149.36 3 0
ebpf-edr-demo/pkg/detector/yaml_detector.go:149.36,150.38 1 0
ebpf-edr-demo/pkg/detector/yaml_detector.go:150.38,152.4 1 0
ebpf-edr-demo/pkg/detector/yaml_detector.go:155.2,155.27 1 0
ebpf-edr-demo/pkg/detector/yaml_detector.go:155.27,157.3 1 0
ebpf-edr-demo/pkg/detector/yaml_detector.go:159.2,159.40 1 0
ebpf-edr-demo/pkg/detector/yaml_detector.go:159.40,170.42 6 0
ebpf-edr-demo/pkg/detector/yaml_detector.go:170.42,171.39 1 0
ebpf-edr-demo/pkg/detector/yaml_detector.go:171.39,173.5 1 0
ebpf-edr-demo/pkg/detector/yaml_detector.go:176.3,176.36 1 0
ebpf-edr-demo/pkg/detector/yaml_detector.go:176.36,177.17 1 0
ebpf-edr-demo/pkg/detector/yaml_detector.go:177.17,179.5 1 0
ebpf-edr-demo/pkg/detector/yaml_detector.go:183.3,183.48 1 0
ebpf-edr-demo/pkg/detector/yaml_detector.go:183.48,184.31 1 0
ebpf-edr-demo/pkg/detector/yaml_detector.go:184.31,185.18 1 0
ebpf-edr-demo/pkg/detector/yaml_detector.go:185.18,187.6 1 0
ebpf-edr-demo/pkg/detector/yaml_detector.go:192.3,192.33 1 0
ebpf-edr-demo/pkg/detector/yaml_detector.go:192.33,193.17 1 0
ebpf-edr-demo/pkg/detector/yaml_detector.go:193.17,195.5 1 0
ebpf-edr-demo/pkg/detector/yaml_detector.go:199.3,199.151 1 0
ebpf-edr-demo/pkg/detector/yaml_detector.go:202.2,202.46 1 0
ebpf-edr-demo/pkg/detector/yaml_detector.go:202.46,204.3 1 0
ebpf-edr-demo/pkg/detector/yaml_detector.go:206.2,206.44 1 0
ebpf-edr-demo/pkg/detector/yaml_detector.go:206.44,208.3 1 0
ebpf-edr-demo/pkg/detector/yaml_detector.go:210.2,210.51 1 0
ebpf-edr-demo/pkg/detector/yaml_detector.go:210.51,212.3 1 0
ebpf-edr-demo/pkg/detector/yaml_detector.go:214.2,214.12 1 0
ebpf-edr-demo/pkg/detector/yaml_detector.go:219.107,224.38 4 0
ebpf-edr-demo/pkg/detector/yaml_detector.go:224.38,225.16 1 0
ebpf-edr-demo/pkg/detector/yaml_detector.go:225.16,227.4 1 0
ebpf-edr-demo/pkg/detector/yaml_detector.go:231.2,231.37 1 0
ebpf-edr-demo/pkg/detector/yaml_detector.go:231.37,233.43 2 0
ebpf-edr-demo/pkg/detector/yaml_detector.go:233.43,234.43 1 0
ebpf-edr-demo/pkg/detector/yaml_detector.go:234.43,236.5 1 0
ebpf-edr-demo/pkg/detector/yaml_detector.go:238.3,238.13 1 0
ebpf-edr-demo/pkg/detector/yaml_detector.go:242.2,243.41 2 0
ebpf-edr-demo/pkg/detector/yaml_detector.go:243.41,244.78 1 0
ebpf-edr-demo/pkg/detector/yaml_detector.go:244.78,246.4 1 0
ebpf-edr-demo/pkg/detector/yaml_detector.go:250.2,251.36 2 0
ebpf-edr-demo/pkg/detector/yaml_detector.go:251.36,252.42 1 0
ebpf-edr-demo/pkg/detector/yaml_detector.go:252.42,254.4 1 0
ebpf-edr-demo/pkg/detector/yaml_detector.go:258.2,259.35 2 0
ebpf-edr-demo/pkg/detector/yaml_detector.go:259.35,260.40 1 0
ebpf-edr-demo/pkg/detector/yaml_detector.go:260.40,262.4 1 0
ebpf-edr-demo/pkg/detector/yaml_detector.go:266.2,267.38 2 0
ebpf-edr-demo/pkg/detector/yaml_detector.go:267.38,268.42 1 0
ebpf-edr-demo/pkg/detector/yaml_detector.go:268.42,270.4 1 0
ebpf-edr-demo/pkg/detector/yaml_detector.go:274.2,275.40 2 0
ebpf-edr-demo/pkg/detector/yaml_detector.go:275.40,276.42 1 0
ebpf-edr-demo/pkg/detector/yaml_detector.go:276.42,277.53 1 0
ebpf-edr-demo/pkg/detector/yaml_detector.go:277.53,278.13 1 0
ebpf-edr-demo/pkg/detector/yaml_detector.go:280.4,280.135 1 0
ebpf-edr-demo/pkg/detector/yaml_detector.go:285.2,286.38 2 0
ebpf-edr-demo/pkg/detector/yaml_detector.go:286.38,287.42 1 0
ebpf-edr-demo/pkg/detector/yaml_detector.go:287.42,289.4 1 0
ebpf-edr-demo/pkg/detector/yaml_detector.go:293.2,294.37 2 0
ebpf-edr-demo/pkg/detector/yaml_detector.go:294.37,295.42 1 0
ebpf-edr-demo/pkg/detector/yaml_detector.go:295.42,297.4 1 0
ebpf-edr-demo/pkg/detector/yaml_detector.go:301.2,302.35 2 0
ebpf-edr-demo/pkg/detector/yaml_detector.go:302.35,303.42 1 0
ebpf-edr-demo/pkg/detector/yaml_detector.go:303.42,305.4 1 0
ebpf-edr-demo/pkg/detector/yaml_detector.go:309.2,310.41 2 0
ebpf-edr-demo/pkg/detector/yaml_detector.go:310.41,311.42 1 0
ebpf-edr-demo/pkg/detector/yaml_detector.go:311.42,313.4 1 0
ebpf-edr-demo/pkg/detector/yaml_detector.go:316.2,316.12 1 0
ebpf-edr-demo/pkg/detector/yaml_detector.go:321.133,322.37 1 0
ebpf-edr-demo/pkg/detector/yaml_detector.go:322.37,324.3 1 0
ebpf-edr-demo/pkg/detector/yaml_detector.go:326.2,326.23 1 0
ebpf-edr-demo/pkg/detector/yaml_detector.go:326.23,328.3 1 0
ebpf-edr-demo/pkg/detector/yaml_detector.go:330.2,335.49 4 0
ebpf-edr-demo/pkg/detector/yaml_detector.go:335.49,336.16 1 0
ebpf-edr-demo/pkg/detector/yaml_detector.go:336.16,338.4 1 0
ebpf-edr-demo/pkg/detector/yaml_detector.go:342.2,342.58 1 0
ebpf-edr-demo/pkg/detector/yaml_detector.go:342.58,343.28 1 0
ebpf-edr-demo/pkg/detector/yaml_detector.go:343.28,345.4 1 0
ebpf-edr-demo/pkg/detector/yaml_detector.go:348.2,359.3 1 0
ebpf-edr-demo/pkg/detector/yaml_detector.go:364.147,370.2 1 0
ebpf-edr-demo/pkg/detector/yaml_detector.go:372.143,378.2 1 0
ebpf-edr-demo/internal/alert/alert.go:52.40,54.2 1 1
ebpf-edr-demo/internal/alert/alert.go:57.33,59.31 2 1
ebpf-edr-demo/internal/alert/alert.go:59.31,60.44 1 1
ebpf-edr-demo/internal/alert/alert.go:60.44,62.4 1 0
ebpf-edr-demo/internal/alert/alert.go:67.27,68.31 1 1
ebpf-edr-demo/internal/alert/alert.go:68.31,69.38 1 1
ebpf-edr-demo/internal/alert/alert.go:69.38,71.4 1 0
ebpf-edr-demo/internal/processor/processor.go:78.31,79.40 1 1
ebpf-edr-demo/internal/processor/processor.go:79.40,81.3 1 1
ebpf-edr-demo/internal/processor/processor.go:82.2,82.18 1 1
ebpf-edr-demo/internal/processor/processor.go:87.29,89.2 1 1
ebpf-edr-demo/internal/processor/processor.go:93.31,95.2 1 1
