mode: set
ebpf-edr-demo/internal/config/config.go:50.21,58.32 2 0
ebpf-edr-demo/internal/config/config.go:58.32,59.45 1 0
ebpf-edr-demo/internal/config/config.go:59.45,60.9 1 0
ebpf-edr-demo/internal/config/config.go:61.9,61.33 1 0
ebpf-edr-demo/internal/config/config.go:61.33,63.4 1 0
ebpf-edr-demo/internal/config/config.go:66.2,72.3 1 0
ebpf-edr-demo/pkg/detector/network_init.go:21.13,29.4 1 0
ebpf-edr-demo/pkg/detector/network_init.go:29.4,32.3 2 0
ebpf-edr-demo/pkg/detector/network_init.go:36.2,36.70 1 0
ebpf-edr-demo/pkg/detector/network_init.go:36.70,37.51 1 0
ebpf-edr-demo/pkg/detector/network_init.go:37.51,40.4 2 0
ebpf-edr-demo/pkg/detector/network_init.go:52.26,53.42 1 0
ebpf-edr-demo/pkg/detector/network_init.go:53.42,54.51 1 0
ebpf-edr-demo/pkg/detector/network_init.go:54.51,56.4 1 0
ebpf-edr-demo/pkg/detector/network_init.go:62.30,66.16 3 0
ebpf-edr-demo/pkg/detector/network_init.go:66.16,68.3 1 0
ebpf-edr-demo/pkg/detector/network_init.go:69.2,72.16 3 0
ebpf-edr-demo/pkg/detector/network_init.go:72.16,75.3 1 0
ebpf-edr-demo/pkg/detector/network_init.go:76.2,78.38 2 0
ebpf-edr-demo/pkg/detector/network_init.go:78.38,80.3 1 0
ebpf-edr-demo/pkg/detector/network_init.go:82.2,83.16 2 0
ebpf-edr-demo/pkg/detector/network_init.go:83.16,85.3 1 0
ebpf-edr-demo/pkg/detector/network_init.go:87.2,88.21 2 0
ebpf-edr-demo/pkg/detector/network_init.go:88.21,90.59 2 0
ebpf-edr-demo/pkg/detector/network_init.go:90.59,94.4 3 0
ebpf-edr-demo/pkg/detector/network_init.go:96.2,96.11 1 0
ebpf-edr-demo/pkg/detector/response.go:20.52,22.2 1 0
ebpf-edr-demo/pkg/detector/response.go:27.79,28.16 1 0
ebpf-edr-demo/pkg/detector/response.go:29.31,31.33 2 0
ebpf-edr-demo/pkg/detector/response.go:32.27,33.19 1 0
ebpf-edr-demo/pkg/detector/response.go:33.19,35.4 1 0
ebpf-edr-demo/pkg/detector/response.go:36.3,36.26 1 0
ebpf-edr-demo/pkg/detector/response.go:39.2,39.25 1 0
ebpf-edr-demo/pkg/detector/response.go:46.34,48.14 2 0
ebpf-edr-demo/pkg/detector/response.go:48.14,50.3 1 0
ebpf-edr-demo/pkg/detector/response.go:51.2,51.59 1 0
ebpf-edr-demo/pkg/detector/response.go:51.59,54.3 2 0
ebpf-edr-demo/pkg/detector/response.go:55.2,55.94 1 0
ebpf-edr-demo/pkg/detector/response.go:74.50,75.25 1 0
ebpf-edr-demo/pkg/detector/response.go:75.25,78.3 2 0
ebpf-edr-demo/pkg/detector/response.go:79.2,80.15 2 0
ebpf-edr-demo/pkg/detector/response.go:80.15,83.3 2 0
ebpf-edr-demo/pkg/detector/response.go:86.2,92.56 4 0
ebpf-edr-demo/pkg/detector/response.go:92.56,95.3 2 0
ebpf-edr-demo/pkg/detector/response.go:96.2,97.13 2 0
ebpf-edr-demo/pkg/detector/response_policy.go:50.63,51.34 1 0
ebpf-edr-demo/pkg/detector/response_policy.go:51.34,52.52 1 0
ebpf-edr-demo/pkg/detector/response_policy.go:52.52,54.4 1 0
ebpf-edr-demo/pkg/detector/response_policy.go:56.2,56.25 1 0
ebpf-edr-demo/pkg/detector/response_policy.go:59.38,61.2 1 0
ebpf-edr-demo/pkg/detector/response_policy.go:63.34,64.11 1 0
ebpf-edr-demo/pkg/detector/response_policy.go:65.22,66.11 1 0
ebpf-edr-demo/pkg/detector/response_policy.go:67.18,68.11 1 0
ebpf-edr-demo/pkg/detector/response_policy.go:69.20,70.11 1 0
ebpf-edr-demo/pkg/detector/response_policy.go:72.2,72.10 1 0
ebpf-edr-demo/pkg/detector/yaml_detector.go:30.55,32.2 1 0
ebpf-edr-demo/pkg/detector/yaml_detector.go:36.92,38.2 1 0
ebpf-edr-demo/pkg/detector/yaml_detector.go:42.79,44.2 1 0
ebpf-edr-demo/pkg/detector/yaml_detector.go:50.71,51.60 1 0
ebpf-edr-demo/pkg/detector/yaml_detector.go:51.60,53.3 1 0
ebpf-edr-demo/pkg/detector/yaml_detector.go:56.2,56.30 1 0
ebpf-edr-demo/pkg/detector/yaml_detector.go:56.30,58.3 1 0
ebpf-edr-demo/pkg/detector/yaml_detector.go:60.2,62.17 2 0
ebpf-edr-demo/pkg/detector/yaml_detector.go:63.33,64.52 1 0
ebpf-edr-demo/pkg/detector/yaml_detector.go:66.30,67.46 1 0
ebpf-edr-demo/pkg/detector/yaml_detector.go:69.29,72.58 3 0
ebpf-edr-demo/pkg/detector/yaml_detector.go:75.2,75.10 1 0
ebpf-edr-demo/pkg/detector/yaml_detector.go:80.61,82.18 2 0
ebpf-edr-demo/pkg/detector/yaml_detector.go:82.18,84.3 1 0
ebpf-edr-demo/pkg/detector/yaml_detector.go:85.2,86.29 2 0
ebpf-edr-demo/pkg/detector/yaml_detector.go:86.29,87.33 1 0
ebpf-edr-demo/pkg/detector/yaml_detector.go:87.33,89.4 1 0
ebpf-edr-demo/pkg/detector/yaml_detector.go:91.2,91.15 1 0
ebpf-edr-demo/pkg/detector/yaml_detector.go:94.73,96.25 2 0
ebpf-edr-demo/pkg/detector/yaml_detector.go:96.25,97.33 1 0
ebpf-edr-demo/pkg/detector/yaml_detector.go:97.33,99.4 1 0
ebpf-edr-demo/pkg/detector/yaml_detector.go:101.2,101.14 1 0
ebpf-edr-demo/pkg/detector/yaml_detector.go:104.66,106.31 2 0
ebpf-edr-demo/pkg/detector/yaml_detector.go:106.31,107.23 1 0
ebpf-edr-demo/pkg/detector/yaml_detector.go:107.23,109.4 1 0
ebpf-edr-demo/pkg/detector/yaml_detector.go:111.2,111.14 1 0
ebpf-edr-demo/pkg/detector/yaml_detector.go:114.60,116.32 2 0
ebpf-edr-demo/pkg/detector/yaml_detector.go:116.32,117.39 1 0
ebpf-edr-demo/pkg/detector/yaml_detector.go:117.39,119.4 1 0
ebpf-edr-demo/pkg/detector/yaml_detector.go:121.2,121.14 1 0
ebpf-edr-demo/pkg/detector/yaml_detector.go:124.56,128.25 3 0
ebpf-edr-demo/pkg/detector/yaml_detector.go:128.25,129.16 1 0
ebpf-edr-demo/pkg/detector/yaml_detector.go:129.16,131.4 1 0
ebpf-edr-demo/pkg/detector/yaml_detector.go:133.2,133.14 1 0
ebpf-edr-demo/pkg/detector/yaml_detector.go:136.52,139.30 2 0
ebpf-edr-demo/pkg/detector/yaml_detector.go:139.30,141.17 2 0
ebpf-edr-demo/pkg/detector/yaml_detector.go:141.17,142.12 1 0
ebpf-edr-demo/pkg/detector/yaml_detector.go:144.3,144.21 1 0
ebpf-edr-demo/pkg/detector/yaml_detector.go:144.21,146.4 1 0
ebpf-edr-demo/pkg/detector/yaml_detector.go:148.2,148.14 1 0
ebpf-edr-demo/pkg/detector/yaml_detector.go:151.39,156.16 3 0
ebpf-edr-demo/pkg/detector/yaml_detector.go:156.16,158.3 1 0
ebpf-edr-demo/pkg/detector/yaml_detector.go:159.2,159.40 1 0
ebpf-edr-demo/pkg/detector/yaml_detector.go:162.64,164.28 1 0
ebpf-edr-demo/pkg/detector/yaml_detector.go:164.28,166.3 1 0
ebpf-edr-demo/pkg/detector/yaml_detector.go:167.2,168.14 2 0
ebpf-edr-demo/pkg/detector/yaml_detector.go:173.36,175.16 2 0
ebpf-edr-demo/pkg/detector/yaml_detector.go:175.16,177.3 1 0
ebpf-edr-demo/pkg/detector/yaml_detector.go:185.2,185.57 1 0
ebpf-edr-demo/pkg/detector/yaml_detector.go:185.57,186.39 1 0
ebpf-edr-demo/pkg/detector/yaml_detector.go:186.39,188.24 2 0
ebpf-edr-demo/pkg/detector/yaml_detector.go:188.24,189.69 1 0
ebpf-edr-demo/pkg/detector/yaml_detector.go:189.69,191.6 1 0
ebpf-edr-demo/pkg/detector/yaml_detector.go:193.4,193.9 1 0
ebpf-edr-demo/pkg/detector/yaml_detector.go:196.2,196.11 1 0
ebpf-edr-demo/pkg/detector/yaml_detector.go:202.58,203.40 1 0
ebpf-edr-demo/pkg/detector/yaml_detector.go:203.40,205.3 1 0
ebpf-edr-demo/pkg/detector/yaml_detector.go:206.2,206.102 1 0
ebpf-edr-demo/pkg/detector/yaml_detector.go:213.75,219.17 4 0
ebpf-edr-demo/pkg/detector/yaml_detector.go:220.33,222.25 2 0
ebpf-edr-demo/pkg/detector/yaml_detector.go:223.30,226.68 3 0
ebpf-edr-demo/pkg/detector/yaml_detector.go:227.29,229.21 2 0
ebpf-edr-demo/pkg/detector/yaml_detector.go:230.10,231.15 1 0
ebpf-edr-demo/pkg/detector/yaml_detector.go:234.2,237.46 2 0
ebpf-edr-demo/pkg/detector/yaml_detector.go:237.46,239.28 1 0
ebpf-edr-demo/pkg/detector/yaml_detector.go:239.28,241.35 2 0
ebpf-edr-demo/pkg/detector/yaml_detector.go:241.35,242.22 1 0
ebpf-edr-demo/pkg/detector/yaml_detector.go:242.22,244.11 2 0
ebpf-edr-demo/pkg/detector/yaml_detector.go:247.4,247.16 1 0
ebpf-edr-demo/pkg/detector/yaml_detector.go:247.16,248.13 1 0
ebpf-edr-demo/pkg/detector/yaml_detector.go:253.3,253.29 1 0
ebpf-edr-demo/pkg/detector/yaml_detector.go:253.29,254.28 1 0
ebpf-edr-demo/pkg/detector/yaml_detector.go:255.16,257.18 1 0
ebpf-edr-demo/pkg/detector/yaml_detector.go:257.18,258.14 1 0
ebpf-edr-demo/pkg/detector/yaml_detector.go:260.26,262.31 1 0
ebpf-edr-demo/pkg/detector/yaml_detector.go:262.31,263.14 1 0
ebpf-edr-demo/pkg/detector/yaml_detector.go:265.5,265.58 1 0
ebpf-edr-demo/pkg/detector/yaml_detector.go:265.58,266.14 1 0
ebpf-edr-demo/pkg/detector/yaml_detector.go:268.12,269.13 1 0
ebpf-edr-demo/pkg/detector/yaml_detector.go:275.3,275.32 1 0
ebpf-edr-demo/pkg/detector/yaml_detector.go:275.32,278.4 1 0
ebpf-edr-demo/pkg/detector/yaml_detector.go:281.3,281.21 1 0
ebpf-edr-demo/pkg/detector/yaml_detector.go:281.21,283.12 1 0
ebpf-edr-demo/pkg/detector/yaml_detector.go:287.3,288.42 2 0
ebpf-edr-demo/pkg/detector/yaml_detector.go:288.42,290.38 1 0
ebpf-edr-demo/pkg/detector/yaml_detector.go:290.38,292.59 1 0
ebpf-edr-demo/pkg/detector/yaml_detector.go:292.59,294.11 2 0
ebpf-edr-demo/pkg/detector/yaml_detector.go:296.10,298.44 1 0
ebpf-edr-demo/pkg/detector/yaml_detector.go:298.44,300.11 2 0
ebpf-edr-demo/pkg/detector/yaml_detector.go:305.3,305.19 1 0
ebpf-edr-demo/pkg/detector/yaml_detector.go:305.19,306.12 1 0
ebpf-edr-demo/pkg/detector/yaml_detector.go:310.3,310.14 1 0
ebpf-edr-demo/pkg/detector/yaml_detector.go:313.2,313.14 1 0
ebpf-edr-demo/pkg/detector/yaml_detector.go:318.113,322.21 2 0
ebpf-edr-demo/pkg/detector/yaml_detector.go:322.21,324.3 1 0
ebpf-edr-demo/pkg/detector/yaml_detector.go:327.2,328.36 2 0
ebpf-edr-demo/pkg/detector/yaml_detector.go:328.36,329.38 1 0
ebpf-edr-demo/pkg/detector/yaml_detector.go:329.38,331.4 1 0
ebpf-edr-demo/pkg/detector/yaml_detector.go:334.2,334.27 1 0
ebpf-edr-demo/pkg/detector/yaml_detector.go:334.27,336.3 1 0
ebpf-edr-demo/pkg/detector/yaml_detector.go:338.2,338.40 1 0
ebpf-edr-demo/pkg/detector/yaml_detector.go:338.40,345.43 1 0
ebpf-edr-demo/pkg/detector/yaml_detector.go:345.43,348.4 2 0
ebpf-edr-demo/pkg/detector/yaml_detector.go:350.3,363.42 9 0
ebpf-edr-demo/pkg/detector/yaml_detector.go:363.42,365.60 1 0
ebpf-edr-demo/pkg/detector/yaml_detector.go:365.60,367.5 1 0
ebpf-edr-demo/pkg/detector/yaml_detector.go:370.3,370.36 1 0
ebpf-edr-demo/pkg/detector/yaml_detector.go:370.36,371.17 1 0
ebpf-edr-demo/pkg/detector/yaml_detector.go:371.17,373.5 1 0
ebpf-edr-demo/pkg/detector/yaml_detector.go:377.3,377.39 1 0
ebpf-edr-demo/pkg/detector/yaml_detector.go:377.39,378.31 1 0
ebpf-edr-demo/pkg/detector/yaml_detector.go:378.31,379.18 1 0
ebpf-edr-demo/pkg/detector/yaml_detector.go:379.18,381.6 1 0
ebpf-edr-demo/pkg/detector/yaml_detector.go:386.3,386.28 1 0
ebpf-edr-demo/pkg/detector/yaml_detector.go:386.28,388.4 1 0
ebpf-edr-demo/pkg/detector/yaml_detector.go:392.3,392.34 1 0
ebpf-edr-demo/pkg/detector/yaml_detector.go:392.34,393.17 1 0
ebpf-edr-demo/pkg/detector/yaml_detector.go:393.17,396.5 2 0
ebpf-edr-demo/pkg/detector/yaml_detector.go:402.3,403.34 2 0
ebpf-edr-demo/pkg/detector/yaml_detector.go:403.34,404.17 1 0
ebpf-edr-demo/pkg/detector/yaml_detector.go:404.17,406.10 2 0
ebpf-edr-demo/pkg/detector/yaml_detector.go:409.3,409.23 1 0
ebpf-edr-demo/pkg/detector/yaml_detector.go:409.23,410.43 1 0
ebpf-edr-demo/pkg/detector/yaml_detector.go:410.43,411.18 1 0
ebpf-edr-demo/pkg/detector/yaml_detector.go:411.18,413.11 2 0
ebpf-edr-demo/pkg/detector/yaml_detector.go:418.3,418.22 1 0
ebpf-edr-demo/pkg/detector/yaml_detector.go:418.22,421.60 2 0
ebpf-edr-demo/pkg/detector/yaml_detector.go:421.60,425.86 2 0
ebpf-edr-demo/pkg/detector/yaml_detector.go:425.86,428.6 2 0
ebpf-edr-demo/pkg/detector/yaml_detector.go:431.5,431.36 1 0
ebpf-edr-demo/pkg/detector/yaml_detector.go:431.36,432.25 1 0
ebpf-edr-demo/pkg/detector/yaml_detector.go:432.25,435.7 2 0
ebpf-edr-demo/pkg/detector/yaml_detector.go:440.5,440.98 1 0
ebpf-edr-demo/pkg/detector/yaml_detector.go:440.98,442.62 2 0
ebpf-edr-demo/pkg/detector/yaml_detector.go:442.62,445.7 2 0
ebpf-edr-demo/pkg/detector/yaml_detector.go:446.6,446.189 1 0
ebpf-edr-demo/pkg/detector/yaml_detector.go:447.11,450.6 1 0
ebpf-edr-demo/pkg/detector/yaml_detector.go:451.10,454.5 1 0
ebpf-edr-demo/pkg/detector/yaml_detector.go:458.3,458.33 1 0
ebpf-edr-demo/pkg/detector/yaml_detector.go:458.33,459.17 1 0
ebpf-edr-demo/pkg/detector/yaml_detector.go:459.17,461.5 1 0
ebpf-edr-demo/pkg/detector/yaml_detector.go:465.3,465.151 1 0
ebpf-edr-demo/pkg/detector/yaml_detector.go:469.2,471.69 2 0
ebpf-edr-demo/pkg/detector/yaml_detector.go:471.69,473.3 1 0
ebpf-edr-demo/pkg/detector/yaml_detector.go:475.2,475.67 1 0
ebpf-edr-demo/pkg/detector/yaml_detector.go:475.67,477.3 1 0
ebpf-edr-demo/pkg/detector/yaml_detector.go:479.2,479.74 1 0
ebpf-edr-demo/pkg/detector/yaml_detector.go:479.74,481.3 1 0
ebpf-edr-demo/pkg/detector/yaml_detector.go:483.2,483.12 1 0
ebpf-edr-demo/pkg/detector/yaml_detector.go:488.107,493.21 3 0
ebpf-edr-demo/pkg/detector/yaml_detector.go:493.21,495.3 1 0
ebpf-edr-demo/pkg/detector/yaml_detector.go:497.2,499.38 3 0
ebpf-edr-demo/pkg/detector/yaml_detector.go:499.38,500.29 1 0
ebpf-edr-demo/pkg/detector/yaml_detector.go:500.29,502.4 1 0
ebpf-edr-demo/pkg/detector/yaml_detector.go:506.2,506.27 1 0
ebpf-edr-demo/pkg/detector/yaml_detector.go:506.27,508.3 1 0
ebpf-edr-demo/pkg/detector/yaml_detector.go:512.2,527.25 2 0
ebpf-edr-demo/pkg/detector/yaml_detector.go:527.25,529.42 2 0
ebpf-edr-demo/pkg/detector/yaml_detector.go:529.42,530.79 1 0
ebpf-edr-demo/pkg/detector/yaml_detector.go:530.79,532.5 1 0
ebpf-edr-demo/pkg/detector/yaml_detector.go:538.2,538.51 1 0
ebpf-edr-demo/pkg/detector/yaml_detector.go:538.51,540.37 2 0
ebpf-edr-demo/pkg/detector/yaml_detector.go:540.37,541.43 1 0
ebpf-edr-demo/pkg/detector/yaml_detector.go:541.43,543.5 1 0
ebpf-edr-demo/pkg/detector/yaml_detector.go:549.2,549.51 1 0
ebpf-edr-demo/pkg/detector/yaml_detector.go:549.51,551.36 2 0
ebpf-edr-demo/pkg/detector/yaml_detector.go:551.36,552.41 1 0
ebpf-edr-demo/pkg/detector/yaml_detector.go:552.41,554.5 1 0
ebpf-edr-demo/pkg/detector/yaml_detector.go:560.2,560.51 1 0
ebpf-edr-demo/pkg/detector/yaml_detector.go:560.51,562.39 2 0
ebpf-edr-demo/pkg/detector/yaml_detector.go:562.39,563.43 1 0
ebpf-edr-demo/pkg/detector/yaml_detector.go:563.43,565.5 1 0
ebpf-edr-demo/pkg/detector/yaml_detector.go:571.2,571.51 1 0
ebpf-edr-demo/pkg/detector/yaml_detector.go:571.51,573.41 2 0
ebpf-edr-demo/pkg/detector/yaml_detector.go:573.41,574.43 1 0
ebpf-edr-demo/pkg/detector/yaml_detector.go:574.43,575.54 1 0
ebpf-edr-demo/pkg/detector/yaml_detector.go:575.54,576.14 1 0
ebpf-edr-demo/pkg/detector/yaml_detector.go:578.5,578.136 1 0
ebpf-edr-demo/pkg/detector/yaml_detector.go:585.2,585.51 1 0
ebpf-edr-demo/pkg/detector/yaml_detector.go:585.51,587.39 2 0
ebpf-edr-demo/pkg/detector/yaml_detector.go:587.39,588.43 1 0
ebpf-edr-demo/pkg/detector/yaml_detector.go:588.43,590.5 1 0
ebpf-edr-demo/pkg/detector/yaml_detector.go:596.2,596.25 1 0
ebpf-edr-demo/pkg/detector/yaml_detector.go:596.25,598.38 2 0
ebpf-edr-demo/pkg/detector/yaml_detector.go:598.38,599.43 1 0
ebpf-edr-demo/pkg/detector/yaml_detector.go:599.43,601.5 1 0
ebpf-edr-demo/pkg/detector/yaml_detector.go:607.2,607.25 1 0
ebpf-edr-demo/pkg/detector/yaml_detector.go:607.25,609.36 2 0
ebpf-edr-demo/pkg/detector/yaml_detector.go:609.36,610.43 1 0
ebpf-edr-demo/pkg/detector/yaml_detector.go:610.43,612.5 1 0
ebpf-edr-demo/pkg/detector/yaml_detector.go:618.2,618.25 1 0
ebpf-edr-demo/pkg/detector/yaml_detector.go:618.25,620.42 2 0
ebpf-edr-demo/pkg/detector/yaml_detector.go:620.42,621.43 1 0
ebpf-edr-demo/pkg/detector/yaml_detector.go:621.43,623.5 1 0
ebpf-edr-demo/pkg/detector/yaml_detector.go:627.2,627.12 1 0
ebpf-edr-demo/pkg/detector/yaml_detector.go:632.133,634.23 1 0
ebpf-edr-demo/pkg/detector/yaml_detector.go:634.23,636.3 1 0
ebpf-edr-demo/pkg/detector/yaml_detector.go:638.2,644.26 5 0
ebpf-edr-demo/pkg/detector/yaml_detector.go:644.26,646.3 1 0
ebpf-edr-demo/pkg/detector/yaml_detector.go:649.2,649.49 1 0
ebpf-edr-demo/pkg/detector/yaml_detector.go:649.49,650.16 1 0
ebpf-edr-demo/pkg/detector/yaml_detector.go:650.16,652.4 1 0
ebpf-edr-demo/pkg/detector/yaml_detector.go:656.2,656.58 1 0
ebpf-edr-demo/pkg/detector/yaml_detector.go:656.58,657.28 1 0
ebpf-edr-demo/pkg/detector/yaml_detector.go:657.28,659.4 1 0
ebpf-edr-demo/pkg/detector/yaml_detector.go:662.2,673.3 1 0
ebpf-edr-demo/pkg/detector/yaml_detector.go:678.147,684.2 1 0
ebpf-edr-demo/pkg/detector/yaml_detector.go:686.143,692.2 1 0
ebpf-edr-demo/internal/alert/alert.go:62.40,64.2 1 1
ebpf-edr-demo/internal/alert/alert.go:67.33,69.31 2 1
ebpf-edr-demo/internal/alert/alert.go:69.31,70.44 1 1
ebpf-edr-demo/internal/alert/alert.go:70.44,72.4 1 0
ebpf-edr-demo/internal/alert/alert.go:77.27,78.31 1 1
ebpf-edr-demo/internal/alert/alert.go:78.31,79.38 1 1
ebpf-edr-demo/internal/alert/alert.go:79.38,81.4 1 0
ebpf-edr-demo/internal/processor/processor.go:77.31,78.40 1 1
ebpf-edr-demo/internal/processor/processor.go:78.40,80.3 1 1
ebpf-edr-demo/internal/processor/processor.go:81.2,81.18 1 1
ebpf-edr-demo/internal/processor/processor.go:86.29,88.2 1 1
ebpf-edr-demo/internal/processor/processor.go:92.31,94.2 1 1
