mode: set
ebpf-edr-demo/internal/processor/processor.go:78.31,79.40 1 1
ebpf-edr-demo/internal/processor/processor.go:79.40,81.3 1 1
ebpf-edr-demo/internal/processor/processor.go:82.2,82.18 1 1
ebpf-edr-demo/internal/processor/processor.go:87.29,89.2 1 1
ebpf-edr-demo/internal/processor/processor.go:93.31,95.2 1 1
ebpf-edr-demo/pkg/detector/policy.go:143.40,145.2 1 1
ebpf-edr-demo/pkg/detector/policy.go:150.13,156.4 1 1
ebpf-edr-demo/pkg/detector/policy.go:156.4,159.3 2 1
ebpf-edr-demo/pkg/detector/policy.go:163.2,163.70 1 1
ebpf-edr-demo/pkg/detector/policy.go:163.70,164.51 1 0
ebpf-edr-demo/pkg/detector/policy.go:164.51,167.4 2 0
ebpf-edr-demo/pkg/detector/policy.go:174.2,174.42 1 1
ebpf-edr-demo/pkg/detector/policy.go:174.42,175.51 1 0
ebpf-edr-demo/pkg/detector/policy.go:175.51,177.4 1 0
ebpf-edr-demo/pkg/detector/policy.go:183.30,187.16 3 1
ebpf-edr-demo/pkg/detector/policy.go:187.16,189.3 1 0
ebpf-edr-demo/pkg/detector/policy.go:190.2,193.16 3 1
ebpf-edr-demo/pkg/detector/policy.go:193.16,196.3 1 1
ebpf-edr-demo/pkg/detector/policy.go:197.2,199.38 2 0
ebpf-edr-demo/pkg/detector/policy.go:199.38,201.3 1 0
ebpf-edr-demo/pkg/detector/policy.go:203.2,204.16 2 0
ebpf-edr-demo/pkg/detector/policy.go:204.16,206.3 1 0
ebpf-edr-demo/pkg/detector/policy.go:208.2,209.21 2 0
ebpf-edr-demo/pkg/detector/policy.go:209.21,211.59 2 0
ebpf-edr-demo/pkg/detector/policy.go:211.59,215.4 3 0
ebpf-edr-demo/pkg/detector/policy.go:217.2,217.11 1 0
ebpf-edr-demo/pkg/detector/rules.go:21.38,21.64 1 1
ebpf-edr-demo/pkg/detector/rules.go:24.72,25.51 1 1
ebpf-edr-demo/pkg/detector/rules.go:25.51,27.3 1 1
ebpf-edr-demo/pkg/detector/rules.go:29.2,31.17 2 1
ebpf-edr-demo/pkg/detector/rules.go:32.33,33.50 1 1
ebpf-edr-demo/pkg/detector/rules.go:35.30,36.44 1 1
ebpf-edr-demo/pkg/detector/rules.go:38.29,41.56 3 1
ebpf-edr-demo/pkg/detector/rules.go:44.2,44.14 1 1
ebpf-edr-demo/pkg/detector/rules.go:44.14,46.3 1 1
ebpf-edr-demo/pkg/detector/rules.go:48.2,48.26 1 1
ebpf-edr-demo/pkg/detector/rules.go:53.53,54.25 1 1
ebpf-edr-demo/pkg/detector/rules.go:54.25,55.33 1 1
ebpf-edr-demo/pkg/detector/rules.go:55.33,57.4 1 1
ebpf-edr-demo/pkg/detector/rules.go:59.2,59.14 1 1
ebpf-edr-demo/pkg/detector/rules.go:62.42,63.39 1 1
ebpf-edr-demo/pkg/detector/rules.go:63.39,64.39 1 1
ebpf-edr-demo/pkg/detector/rules.go:64.39,66.4 1 1
ebpf-edr-demo/pkg/detector/rules.go:68.2,68.14 1 1
ebpf-edr-demo/pkg/detector/rules.go:71.38,73.34 2 1
ebpf-edr-demo/pkg/detector/rules.go:73.34,74.16 1 1
ebpf-edr-demo/pkg/detector/rules.go:74.16,76.4 1 1
ebpf-edr-demo/pkg/detector/rules.go:78.2,78.14 1 1
ebpf-edr-demo/pkg/detector/rules.go:81.34,82.32 1 1
ebpf-edr-demo/pkg/detector/rules.go:82.32,83.21 1 1
ebpf-edr-demo/pkg/detector/rules.go:83.21,85.4 1 1
ebpf-edr-demo/pkg/detector/rules.go:87.2,87.14 1 1
ebpf-edr-demo/pkg/detector/rules.go:90.147,96.2 1 1
ebpf-edr-demo/pkg/detector/rules.go:98.143,104.2 1 1
ebpf-edr-demo/pkg/detector/rules.go:108.95,111.25 2 1
ebpf-edr-demo/pkg/detector/rules.go:111.25,113.3 1 1
ebpf-edr-demo/pkg/detector/rules.go:115.2,115.40 1 1
ebpf-edr-demo/pkg/detector/rules.go:115.40,117.3 1 1
ebpf-edr-demo/pkg/detector/rules.go:119.2,119.37 1 1
ebpf-edr-demo/pkg/detector/rules.go:119.37,121.3 1 1
ebpf-edr-demo/pkg/detector/rules.go:123.2,123.40 1 1
ebpf-edr-demo/pkg/detector/rules.go:123.40,125.3 1 1
ebpf-edr-demo/pkg/detector/rules.go:127.2,127.42 1 1
ebpf-edr-demo/pkg/detector/rules.go:127.42,129.3 1 1
ebpf-edr-demo/pkg/detector/rules.go:131.2,131.12 1 1
ebpf-edr-demo/pkg/detector/rules.go:136.89,140.38 3 1
ebpf-edr-demo/pkg/detector/rules.go:140.38,141.16 1 1
ebpf-edr-demo/pkg/detector/rules.go:141.16,143.4 1 1
ebpf-edr-demo/pkg/detector/rules.go:146.2,146.37 1 1
ebpf-edr-demo/pkg/detector/rules.go:146.37,147.46 1 1
ebpf-edr-demo/pkg/detector/rules.go:147.46,148.43 1 1
ebpf-edr-demo/pkg/detector/rules.go:148.43,150.5 1 1
ebpf-edr-demo/pkg/detector/rules.go:152.3,152.13 1 1
ebpf-edr-demo/pkg/detector/rules.go:155.2,155.46 1 1
ebpf-edr-demo/pkg/detector/rules.go:155.46,156.42 1 1
ebpf-edr-demo/pkg/detector/rules.go:156.42,158.4 1 1
ebpf-edr-demo/pkg/detector/rules.go:161.2,161.42 1 1
ebpf-edr-demo/pkg/detector/rules.go:161.42,162.42 1 1
ebpf-edr-demo/pkg/detector/rules.go:162.42,164.4 1 1
ebpf-edr-demo/pkg/detector/rules.go:167.2,167.42 1 1
ebpf-edr-demo/pkg/detector/rules.go:167.42,168.42 1 1
ebpf-edr-demo/pkg/detector/rules.go:168.42,169.51 1 1
ebpf-edr-demo/pkg/detector/rules.go:169.51,170.13 1 1
ebpf-edr-demo/pkg/detector/rules.go:172.4,172.136 1 1
ebpf-edr-demo/pkg/detector/rules.go:176.2,176.44 1 1
ebpf-edr-demo/pkg/detector/rules.go:176.44,177.42 1 1
ebpf-edr-demo/pkg/detector/rules.go:177.42,179.4 1 1
ebpf-edr-demo/pkg/detector/rules.go:182.2,182.12 1 1
ebpf-edr-demo/pkg/detector/rules.go:187.115,188.37 1 1
ebpf-edr-demo/pkg/detector/rules.go:188.37,190.3 1 1
ebpf-edr-demo/pkg/detector/rules.go:192.2,192.21 1 1
ebpf-edr-demo/pkg/detector/rules.go:192.21,194.3 1 1
ebpf-edr-demo/pkg/detector/rules.go:196.2,200.50 4 1
ebpf-edr-demo/pkg/detector/rules.go:200.50,201.28 1 1
ebpf-edr-demo/pkg/detector/rules.go:201.28,203.4 1 1
ebpf-edr-demo/pkg/detector/rules.go:206.2,217.3 1 1
ebpf-edr-demo/internal/alert/alert.go:79.37,80.52 1 1
ebpf-edr-demo/internal/alert/alert.go:80.52,82.3 1 0
ebpf-edr-demo/internal/alert/alert.go:84.2,85.16 2 1
ebpf-edr-demo/internal/alert/alert.go:85.16,87.3 1 0
ebpf-edr-demo/internal/alert/alert.go:89.2,91.65 2 1
ebpf-edr-demo/internal/alert/alert.go:91.65,93.17 2 0
ebpf-edr-demo/internal/alert/alert.go:93.17,95.4 1 0
ebpf-edr-demo/internal/alert/alert.go:95.9,99.4 3 0
ebpf-edr-demo/internal/alert/alert.go:100.8,102.3 1 1
ebpf-edr-demo/internal/alert/alert.go:104.2,104.15 1 1
ebpf-edr-demo/internal/alert/alert.go:108.33,112.22 3 1
ebpf-edr-demo/internal/alert/alert.go:112.22,114.3 1 1
ebpf-edr-demo/internal/alert/alert.go:114.8,114.26 1 1
ebpf-edr-demo/internal/alert/alert.go:114.26,116.3 1 1
ebpf-edr-demo/internal/alert/alert.go:118.2,142.52 6 1
ebpf-edr-demo/internal/alert/alert.go:142.52,144.3 1 1
ebpf-edr-demo/internal/alert/alert.go:146.2,146.26 1 1
ebpf-edr-demo/internal/alert/alert.go:146.26,172.3 1 0
ebpf-edr-demo/internal/alert/alert.go:176.27,178.26 2 1
ebpf-edr-demo/internal/alert/alert.go:178.26,179.47 1 0
ebpf-edr-demo/internal/alert/alert.go:179.47,181.4 1 0
ebpf-edr-demo/internal/alert/alert.go:185.53,186.15 1 0
ebpf-edr-demo/internal/alert/alert.go:187.16,188.31 1 0
ebpf-edr-demo/internal/alert/alert.go:189.12,190.28 1 0
ebpf-edr-demo/internal/alert/alert.go:191.14,192.30 1 0
ebpf-edr-demo/internal/alert/alert.go:193.10,194.27 1 0
